# config=sol1_h6 problem=e1_easy horizon=40 budget=40.0s n_seeds=30
# columns: seed | reward | steps | time_s | timed_out
  0    110.00    40    7.332  0
  1    106.00    40    6.771  0
  2    110.00    40    6.969  0
  3    104.00    40    7.168  0
  4    108.00    40    7.230  0
  5    112.00    40    7.093  0
  6    112.00    40    7.341  0
  7    104.00    40    7.362  0
  8    102.00    40    7.092  0
  9    120.00    40    7.015  0
 10    112.00    40    7.140  0
 11    112.00    40    7.363  0
 12    136.00    40    7.144  0
 13     95.00    40    6.828  0
 14    120.00    40    7.082  0
 15    114.00    40    7.101  0
 16    112.00    40    6.997  0
 17    104.00    40    9.190  0
 18    148.00    40    7.014  0
 19    140.00    40    7.087  0
 20    112.00    40    7.174  0
 21    114.00    40    7.283  0
 22    104.00    40    7.726  0
 23    114.00    40    7.004  0
 24    136.00    40    6.958  0
 25    100.00    40    7.103  0
 26    120.00    40    7.108  0
 27    112.00    40    7.113  0
 28    112.00    40    9.202  0
 29    110.00    40    6.876  0
# avg=113.833  timeouts=0  total_time=219.2s bailed=0
