# config=sol1_h6 problem=e1_hard horizon=40 budget=40.0s n_seeds=30
# columns: seed | reward | steps | time_s | timed_out
  0    110.00    40    7.577  0
  1    106.00    40    7.028  0
  2    114.00    40    7.136  0
  3    114.00    40    7.120  0
  4     97.00    40    7.443  0
  5    112.00    40    7.102  0
  6    112.00    40    7.292  0
  7    104.00    40    7.160  0
  8    102.00    40    7.244  0
  9    120.00    40    6.937  0
 10    108.00    40    6.807  0
 11    108.00    40    6.969  0
 12    107.00    40    6.729  0
 13     93.00    40    6.830  0
 14    120.00    40    7.148  0
 15    114.00    40    6.834  0
 16    112.00    40    7.161  0
 17    110.00    40    8.752  0
 18    122.00    40    7.175  0
 19    114.00    40    7.291  0
 20    110.00    40    7.260  0
 21    114.00    40    7.041  0
 22    104.00    40    7.762  0
 23    106.00    40    7.151  0
 24    112.00    40    7.090  0
 25    104.00    40    7.065  0
 26    116.00    40    6.869  0
 27    112.00    40    7.218  0
 28    107.00    40    9.226  0
 29    110.00    40    7.071  0
# avg=109.800  timeouts=0  total_time=218.7s bailed=0
