# config=sol1_h6 problem=e1_med horizon=40 budget=40.0s n_seeds=30
# columns: seed | reward | steps | time_s | timed_out
  0    110.00    40    7.305  0
  1    106.00    40    6.972  0
  2    112.00    40    6.987  0
  3    114.00    40    6.928  0
  4     96.00    40    7.309  0
  5    114.00    40    6.960  0
  6    118.00    40    7.135  0
  7    104.00    40    7.006  0
  8    112.00    40    7.112  0
  9    111.00    40    6.733  0
 10    108.00    40    6.786  0
 11    118.00    40    6.910  0
 12    107.00    40    6.621  0
 13     93.00    40    6.732  0
 14    120.00    40    6.980  0
 15    114.00    40    6.789  0
 16    105.00    40    6.906  0
 17    110.00    40    8.653  0
 18    116.00    40    6.949  0
 19    114.00    40    7.180  0
 20    110.00    40    7.175  0
 21    114.00    40    6.951  0
 22    104.00    40    7.735  0
 23    106.00    40    7.100  0
 24    116.00    40    7.031  0
 25    104.00    40    6.934  0
 26    116.00    40    6.708  0
 27    112.00    40    7.043  0
 28     92.00    40    7.485  0
 29    110.00    40    6.962  0
# avg=109.533  timeouts=0  total_time=213.3s bailed=0
