# config=sol1_h6 problem=e2_easy horizon=40 budget=40.0s n_seeds=30
# columns: seed | reward | steps | time_s | timed_out
  0    105.00    40    0.643  0
  1     91.00    40    0.631  0
  2     95.00    40    0.646  0
  3     91.00    40    0.641  0
  4     99.00    40    0.649  0
  5     91.00    40    0.628  0
  6     97.00    40    0.650  0
  7    105.00    40    0.649  0
  8     95.00    40    0.628  0
  9    105.00    40    0.616  0
 10     99.00    40    0.618  0
 11    105.00    40    0.624  0
 12    105.00    40    0.627  0
 13     91.00    40    0.621  0
 14     85.00    40    0.630  0
 15     99.00    40    0.621  0
 16     93.00    40    0.656  0
 17     97.00    40    0.623  0
 18    103.00    40    0.640  0
 19     91.00    40    0.634  0
 20     91.00    40    0.628  0
 21     99.00    40    0.629  0
 22     95.00    40    0.626  0
 23     93.00    40    0.628  0
 24    103.00    40    0.624  0
 25     97.00    40    0.625  0
 26    101.00    40    0.627  0
 27    105.00    40    0.647  0
 28     87.00    40    0.648  0
 29    103.00    40    0.623  0
# avg=97.200  timeouts=0  total_time=19.1s bailed=0
