# config=sol1_h6 problem=e2_hard horizon=44 budget=42.0s n_seeds=30
# columns: seed | reward | steps | time_s | timed_out
  0     70.00    44    0.574  0
  1     70.00    44    0.643  0
  2     68.00    44    0.616  0
  3     64.00    44    0.665  0
  4     66.00    44    0.635  0
  5     91.00    44    0.682  0
  6     93.00    44    0.701  0
  7     66.00    44    0.697  0
  8     66.00    44    0.687  0
  9     76.00    44    0.705  0
 10     70.00    44    0.609  0
 11     78.00    44    0.671  0
 12     68.00    44    0.672  0
 13     78.00    44    0.673  0
 14     72.00    44    0.662  0
 15     37.00    44    0.599  0
 16     70.00    44    0.647  0
 17     68.00    44    0.601  0
 18     74.00    44    0.682  0
 19     68.00    44    0.589  0
 20     93.00    44    0.670  0
 21     72.00    44    0.670  0
 22     76.00    44    0.625  0
 23     70.00    44    0.628  0
 24     70.00    44    0.673  0
 25     87.00    44    0.675  0
 26     64.00    44    0.661  0
 27     80.00    44    0.696  0
 28     39.00    44    0.668  0
 29     72.00    44    0.710  0
# avg=71.200  timeouts=0  total_time=19.8s bailed=0
