# config=sol1_h6 problem=e2_med horizon=40 budget=40.0s n_seeds=30
# columns: seed | reward | steps | time_s | timed_out
  0     97.00    40    0.752  0
  1     91.00    40    0.732  0
  2    103.00    40    0.750  0
  3     93.00    40    0.768  0
  4     64.00    40    0.737  0
  5     95.00    40    0.766  0
  6     99.00    40    0.772  0
  7    103.00    40    0.752  0
  8     91.00    40    0.735  0
  9     99.00    40    0.734  0
 10    103.00    40    0.733  0
 11    101.00    40    0.774  0
 12     99.00    40    0.793  0
 13     95.00    40    0.776  0
 14     93.00    40    0.828  0
 15    103.00    40    0.789  0
 16     93.00    40    0.777  0
 17     95.00    40    0.781  0
 18    101.00    40    0.793  0
 19    101.00    40    0.818  0
 20     87.00    40    0.796  0
 21    101.00    40    0.819  0
 22     93.00    40    0.765  0
 23     99.00    40    0.768  0
 24    109.00    40    0.756  0
 25    101.00    40    0.760  0
 26    101.00    40    0.803  0
 27    105.00    40    0.817  0
 28     89.00    40    0.776  0
 29     97.00    40    0.775  0
# avg=96.700  timeouts=0  total_time=23.3s bailed=0
