# config=sol1_h6 problem=e3_easy horizon=40 budget=40.0s n_seeds=30
# columns: seed | reward | steps | time_s | timed_out
  0     70.00    40    1.365  0
  1     73.00    40    1.321  0
  2     68.00    40    1.320  0
  3     64.00    40    1.308  0
  4     56.00    40    1.327  0
  5     58.00    40    1.336  0
  6     63.00    40    1.362  0
  7     64.00    40    1.324  0
  8     56.00    40    1.334  0
  9     75.00    40    1.328  0
 10     62.00    40    1.340  0
 11     69.00    40    1.340  0
 12     70.00    40    1.348  0
 13     55.00    40    1.294  0
 14     68.00    40    1.334  0
 15     65.00    40    1.330  0
 16     68.00    40    1.349  0
 17     68.00    40    1.369  0
 18     63.00    40    1.353  0
 19     57.00    40    1.348  0
 20     67.00    40    1.337  0
 21     69.00    40    1.726  0
 22     63.00    40    1.366  0
 23     69.00    40    1.348  0
 24     58.00    40    1.348  0
 25     62.00    40    1.333  0
 26     67.00    40    1.352  0
 27     63.00    40    1.350  0
 28     55.00    40    1.358  0
 29     60.00    40    1.302  0
# avg=64.167  timeouts=0  total_time=40.8s bailed=0
