# config=sol1_h6 problem=e3_hard horizon=70 budget=55.0s n_seeds=30
# columns: seed | reward | steps | time_s | timed_out
  0     37.00    70    2.788  0
  1     66.00    70    2.810  0
  2     54.00    70    2.801  0
  3     49.00    70    2.800  0
  4     41.00    70    2.788  0
  5     67.00    70    2.764  0
  6     55.00    70    2.847  0
  7     55.00    70    2.823  0
  8     35.00    70    2.841  0
  9     43.00    70    2.784  0
 10     44.00    70    2.828  0
 11     55.00    70    2.779  0
 12     59.00    70    2.780  0
 13     46.00    70    2.957  0
 14     45.00    70    2.845  0
 15     41.00    70    2.848  0
 16     43.00    70    2.788  0
 17     54.00    70    2.845  0
 18     45.00    70    2.831  0
 19     37.00    70    2.831  0
 20     40.00    70    2.853  0
 21     47.00    70    2.812  0
 22     51.00    70    2.844  0
 23     49.00    70    2.819  0
 24     48.00    70    2.822  0
 25     54.00    70    2.854  0
 26     45.00    70    2.811  0
 27     56.00    70    2.815  0
 28     58.00    70    2.835  0
 29     42.00    70    2.806  0
# avg=48.700  timeouts=0  total_time=84.9s bailed=0
