# config=sol1_h6 problem=e3_med horizon=45 budget=42.5s n_seeds=30
# columns: seed | reward | steps | time_s | timed_out
  0     71.00    45    1.615  0
  1     55.00    45    1.579  0
  2    105.00    45    1.507  0
  3    102.00    45    1.540  0
  4     64.00    45    1.611  0
  5     94.00    45    1.613  0
  6     76.00    45    1.642  0
  7     96.00    45    1.585  0
  8     59.00    45    1.614  0
  9     73.00    45    1.767  0
 10     58.00    45    1.597  0
 11     54.00    45    1.664  0
 12     69.00    45    1.627  0
 13     74.00    45    1.669  0
 14     60.00    45    1.616  0
 15     67.00    45    1.575  0
 16     70.00    45    1.614  0
 17    116.00    45    1.650  0
 18     62.00    45    1.575  0
 19     68.00    45    1.602  0
 20    106.00    45    1.553  0
 21     66.00    45    1.580  0
 22    104.00    45    1.543  0
 23     91.00    45    1.587  0
 24     63.00    45    1.568  0
 25    109.00    45    1.552  0
 26     71.00    45    1.531  0
 27     66.00    45    1.619  0
 28     65.00    45    1.579  0
 29     61.00    45    1.587  0
# avg=76.500  timeouts=0  total_time=48.2s bailed=0
