# config=sol1_h6 problem=e4_easy horizon=40 budget=40.0s n_seeds=30
# columns: seed | reward | steps | time_s | timed_out
  0    146.00    40    5.854  0
  1    136.00    40    5.779  0
  2    140.00    40    5.778  0
  3    130.00    40    5.750  0
  4    132.00    40    5.989  0
  5    132.00    40    5.843  0
  6    138.00    40    5.932  0
  7    140.00    40    5.774  0
  8    128.00    40    5.870  0
  9    148.00    40    5.894  0
 10    132.00    40    5.834  0
 11    136.00    40    5.751  0
 12    154.00    40    5.703  0
 13    146.00    40    5.773  0
 14    150.00    40    5.761  0
 15    138.00    40    6.373  0
 16    114.00    40    6.215  0
 17    130.00    40    6.217  0
 18    148.00    40    5.749  0
 19    144.00    40    5.795  0
 20    130.00    40    5.767  0
 21    136.00    40    6.041  0
 22    122.00    40    5.893  0
 23    144.00    40    6.387  0
 24    144.00    40    6.319  0
 25    140.00    40    6.077  0
 26    146.00    40    6.011  0
 27    140.00    40    5.720  0
 28    120.00    40    5.775  0
 29    124.00    40    5.844  0
# avg=136.933  timeouts=0  total_time=178.4s bailed=0
