# config=sol1_h6 problem=e4_hard horizon=40 budget=40.0s n_seeds=30
# columns: seed | reward | steps | time_s | timed_out
  0    136.00    40    5.280  0
  1    110.00    40    5.373  0
  2    146.00    40    5.352  0
  3    140.00    40    5.310  0
  4    108.00    40    5.489  0
  5    130.00    40    5.486  0
  6    144.00    40    5.564  0
  7    156.00    40    5.345  0
  8    134.00    40    5.390  0
  9    120.00    40    5.237  0
 10    158.00    40    5.346  0
 11    136.00    40    5.355  0
 12    136.00    40    5.500  0
 13    126.00    40    5.388  0
 14    158.00    40    5.326  0
 15    134.00    40    5.276  0
 16    114.00    40    5.393  0
 17    142.00    40    5.442  0
 18    134.00    40    5.401  0
 19    154.00    40    5.331  0
 20    138.00    40    5.424  0
 21    146.00    40    5.433  0
 22    130.00    40    5.375  0
 23    148.00    40    5.292  0
 24    148.00    40    5.328  0
 25    144.00    40    5.352  0
 26    156.00    40    5.509  0
 27    136.00    40    5.440  0
 28    118.00    40    5.461  0
 29    116.00    40    5.319  0
# avg=136.533  timeouts=0  total_time=162.3s bailed=0
