# config=sol1_h6 problem=e4_med horizon=40 budget=40.0s n_seeds=30
# columns: seed | reward | steps | time_s | timed_out
  0    110.00    40    5.324  0
  1    110.00    40    5.363  0
  2    144.00    40    5.359  0
  3    140.00    40    5.377  0
  4    108.00    40    5.497  0
  5    134.00    40    5.413  0
  6    138.00    40    5.592  0
  7    156.00    40    5.278  0
  8    134.00    40    5.374  0
  9    120.00    40    5.188  0
 10    116.00    40    5.279  0
 11    136.00    40    5.281  0
 12    108.00    40    5.158  0
 13    126.00    40    5.281  0
 14    144.00    40    5.152  0
 15    134.00    40    5.252  0
 16    122.00    40    5.468  0
 17    142.00    40    5.402  0
 18    134.00    40    5.419  0
 19    154.00    40    5.327  0
 20    138.00    40    5.339  0
 21    146.00    40    5.471  0
 22    130.00    40    5.352  0
 23    148.00    40    5.231  0
 24    148.00    40    5.280  0
 25    144.00    40    5.359  0
 26    156.00    40    5.452  0
 27    106.00    40    5.261  0
 28    118.00    40    5.308  0
 29    116.00    40    5.242  0
# avg=132.000  timeouts=0  total_time=160.9s bailed=0
