# config=sol1_h6 problem=e5_easy horizon=40 budget=40.0s n_seeds=30
# columns: seed | reward | steps | time_s | timed_out
  0     96.00    40    1.810  0
  1    101.00    40    1.834  0
  2     91.00    40    1.821  0
  3     97.00    40    1.820  0
  4     85.00    40    1.922  0
  5     92.00    40    1.859  0
  6     96.00    40    1.847  0
  7     92.00    40    1.893  0
  8     81.00    40    1.872  0
  9     96.00    40    1.822  0
 10     94.00    40    1.830  0
 11     95.00    40    1.814  0
 12    101.00    40    1.837  0
 13     81.00    40    1.884  0
 14     99.00    40    1.897  0
 15     90.00    40    1.907  0
 16     83.00    40    1.820  0
 17     94.00    40    1.807  0
 18     95.00    40    1.846  0
 19     91.00    40    1.818  0
 20     99.00    40    1.838  0
 21     90.00    40    1.830  0
 22     97.00    40    1.812  0
 23     77.00    40    1.821  0
 24     93.00    40    1.843  0
 25     89.00    40    1.834  0
 26     94.00    40    1.877  0
 27     89.00    40    1.824  0
 28     85.00    40    1.769  0
 29     87.00    40    1.795  0
# avg=91.667  timeouts=0  total_time=55.5s bailed=0
