# config=sol1_h6 problem=e5_hard horizon=52 budget=46.0s n_seeds=30
# columns: seed | reward | steps | time_s | timed_out
  0     86.00    52    1.518  0
  1     82.00    52    1.562  0
  2     80.00    52    1.652  0
  3     51.00    52    1.495  0
  4     53.00    52    1.526  0
  5     86.00    52    1.578  0
  6     63.00    52    1.532  0
  7     47.00    52    1.691  0
  8     76.00    52    1.457  0
  9     86.00    52    1.518  0
 10     45.00    52    1.538  0
 11     78.00    52    1.527  0
 12     53.00    52    1.533  0
 13     47.00    52    1.513  0
 14     51.00    52    1.545  0
 15     90.00    52    1.610  0
 16     80.00    52    1.614  0
 17     84.00    52    1.547  0
 18     53.00    52    1.617  0
 19     39.00    52    1.593  0
 20     84.00    52    1.641  0
 21     80.00    52    1.511  0
 22     86.00    52    1.532  0
 23     43.00    52    1.681  0
 24     45.00    52    1.579  0
 25     84.00    52    1.563  0
 26     88.00    52    1.541  0
 27     86.00    52    1.547  0
 28     49.00    52    1.630  0
 29     94.00    52    1.646  0
# avg=68.967  timeouts=0  total_time=47.3s bailed=0
