# config=sol1_h6 problem=e5_med horizon=40 budget=40.0s n_seeds=30
# columns: seed | reward | steps | time_s | timed_out
  0     95.00    40    1.734  0
  1     87.00    40    1.773  0
  2     91.00    40    1.762  0
  3     92.00    40    1.730  0
  4     78.00    40    1.739  0
  5     92.00    40    1.765  0
  6     96.00    40    1.746  0
  7    101.00    40    1.764  0
  8     87.00    40    1.790  0
  9     93.00    40    1.688  0
 10     79.00    40    1.741  0
 11     89.00    40    1.762  0
 12     95.00    40    1.740  0
 13     95.00    40    1.760  0
 14     77.00    40    1.704  0
 15     85.00    40    1.789  0
 16     85.00    40    1.720  0
 17     89.00    40    1.711  0
 18    102.00    40    1.717  0
 19     89.00    40    1.787  0
 20     90.00    40    1.728  0
 21     85.00    40    1.705  0
 22     88.00    40    1.817  0
 23     88.00    40    1.771  0
 24     94.00    40    1.734  0
 25     89.00    40    1.748  0
 26     97.00    40    1.753  0
 27     91.00    40    1.815  0
 28     88.00    40    1.872  0
 29     77.00    40    1.806  0
# avg=89.467  timeouts=0  total_time=53.0s bailed=0
