# config=sol1_h6 problem=m1_easy horizon=48 budget=44.0s n_seeds=30
# columns: seed | reward | steps | time_s | timed_out
  0     73.00    48    2.441  0
  1     69.00    48    2.425  0
  2     81.00    48    2.451  0
  3     63.00    48    2.445  0
  4     83.00    48    2.480  0
  5     75.00    48    2.477  0
  6     63.00    48    2.499  0
  7     72.00    48    2.493  0
  8     67.00    48    2.475  0
  9     79.00    48    2.469  0
 10     67.00    48    2.451  0
 11     62.00    48    2.453  0
 12     83.00    48    2.487  0
 13     82.00    48    2.502  0
 14     80.00    48    2.703  0
 15     79.00    48    2.618  0
 16     70.00    48    2.570  0
 17     73.00    48    2.581  0
 18     83.00    48    2.518  0
 19     79.00    48    2.412  0
 20     77.00    48    2.452  0
 21     67.00    48    2.507  0
 22     77.00    48    2.456  0
 23     67.00    48    2.462  0
 24     72.00    48    2.435  0
 25     77.00    48    2.478  0
 26     80.00    48    2.434  0
 27     75.00    48    2.463  0
 28     75.00    48    2.402  0
 29     70.00    48    2.549  0
# avg=74.000  timeouts=0  total_time=74.9s bailed=0
