# config=sol1_h6 problem=m1_hard horizon=70 budget=55.0s n_seeds=30
# columns: seed | reward | steps | time_s | timed_out
  0     64.00    70    2.974  0
  1     72.00    70    3.065  0
  2     67.00    70    3.078  0
  3    129.00    70    2.935  0
  4     75.00    70    3.054  0
  5     83.00    70    3.169  0
  6     76.00    70    3.026  0
  7     78.00    70    3.123  0
  8     72.00    70    3.159  0
  9     70.00    70    2.959  0
 10     70.00    70    3.276  0
 11    129.00    70    3.037  0
 12     72.00    70    3.126  0
 13     88.00    70    2.926  0
 14     74.00    70    2.981  0
 15     64.00    70    2.897  0
 16     75.00    70    2.992  0
 17     71.00    70    3.136  0
 18     64.00    70    3.241  0
 19     75.00    70    3.113  0
 20    130.00    70    2.990  0
 21     67.00    70    3.224  0
 22     67.00    70    2.990  0
 23     78.00    70    3.024  0
 24     83.00    70    3.039  0
 25    127.00    70    3.196  0
 26     72.00    70    3.088  0
 27     77.00    70    3.149  0
 28     71.00    70    2.904  0
 29     73.00    70    3.275  0
# avg=80.433  timeouts=0  total_time=92.5s bailed=0
