# config=sol1_h6 problem=m1_med horizon=60 budget=50.0s n_seeds=30
# columns: seed | reward | steps | time_s | timed_out
  0    125.00    60    2.696  0
  1    117.00    60    2.636  0
  2    125.00    60    2.603  0
  3    114.00    60    2.620  0
  4     80.00    60    2.786  0
  5    125.00    60    2.639  0
  6     88.00    60    2.715  0
  7    125.00    60    2.614  0
  8    115.00    60    2.642  0
  9     77.00    60    2.777  0
 10     73.00    60    2.636  0
 11    126.00    60    2.741  0
 12     80.00    60    2.686  0
 13     73.00    60    2.775  0
 14     78.00    60    2.634  0
 15    127.00    60    2.731  0
 16    129.00    60    2.716  0
 17    118.00    60    2.695  0
 18     80.00    60    2.751  0
 19    115.00    60    2.707  0
 20    113.00    60    2.668  0
 21    122.00    60    2.829  0
 22     90.00    60    2.676  0
 23    118.00    60    2.619  0
 24    110.00    60    2.594  0
 25    128.00    60    2.709  0
 26     85.00    60    2.653  0
 27     69.00    60    2.714  0
 28     75.00    60    2.720  0
 29     76.00    60    2.833  0
# avg=102.533  timeouts=0  total_time=81.1s bailed=0
