# config=sol1_h6 problem=m2_easy horizon=42 budget=41.0s n_seeds=30
# columns: seed | reward | steps | time_s | timed_out
  0     38.00    42    3.215  0
  1     40.00    42    3.236  0
  2     31.00    42    3.426  0
  3     34.00    42    3.376  0
  4     48.00    42    3.342  0
  5     36.00    42    3.228  0
  6     42.00    42    3.089  0
  7     47.00    42    3.134  0
  8     39.00    42    3.140  0
  9     40.00    42    3.241  0
 10     34.00    42    3.141  0
 11     46.00    42    3.118  0
 12     47.00    42    3.134  0
 13     26.00    42    3.238  0
 14     34.00    42    3.178  0
 15     48.00    42    3.107  0
 16     30.00    42    3.212  0
 17     46.00    42    3.158  0
 18     64.00    42    3.127  0
 19     41.00    42    3.191  0
 20     41.00    42    3.079  0
 21     31.00    42    3.166  0
 22     41.00    42    3.149  0
 23     40.00    42    3.156  0
 24     43.00    42    3.117  0
 25     35.00    42    3.100  0
 26     42.00    42    3.229  0
 27     48.00    42    3.214  0
 28     36.00    42    3.260  0
 29     46.00    42    3.213  0
# avg=40.467  timeouts=0  total_time=96.0s bailed=0
