# config=sol1_h6 problem=m2_hard horizon=70 budget=55.0s n_seeds=30
# columns: seed | reward | steps | time_s | timed_out
  0     50.00    70    4.962  0
  1    113.00    70    7.403  0
  2     78.00    70    7.533  0
  3    100.00    70    6.687  0
  4     65.00    70    6.436  0
  5     80.00    70    6.442  0
  6    118.00    70    6.131  0
  7     87.00    70    7.082  0
  8     93.00    70    6.094  0
  9     75.00    70    6.156  0
 10     38.00    70    5.035  0
 11     85.00    70    6.277  0
 12     38.00    70    4.885  0
 13     71.00    70    5.406  0
 14    117.00    70    6.902  0
 15     95.00    70    6.338  0
 16    131.00    70    6.675  0
 17     73.00    70    6.204  0
 18     74.00    70    6.035  0
 19     65.00    70    6.308  0
 20     35.00    70    5.179  0
 21     80.00    70    6.065  0
 22     22.00    70    6.287  0
 23     85.00    70    6.364  0
 24     92.00    70    7.202  0
 25     34.00    70    4.800  0
 26     67.00    70    5.612  0
 27     83.00    70    6.696  0
 28    128.00    70    6.590  0
 29     81.00    70    6.749  0
# avg=78.433  timeouts=0  total_time=187.7s bailed=0
