# config=sol1_h6 problem=m2_med horizon=52 budget=46.0s n_seeds=30
# columns: seed | reward | steps | time_s | timed_out
  0     34.00    52    3.713  0
  1     50.00    52    3.639  0
  2     40.00    52    3.673  0
  3     44.00    52    3.697  0
  4     42.00    52    3.631  0
  5     42.00    52    3.608  0
  6     54.00    52    3.588  0
  7     52.00    52    3.712  0
  8     48.00    52    3.687  0
  9     58.00    52    3.703  0
 10     32.00    52    3.707  0
 11     32.00    52    3.780  0
 12     46.00    52    3.793  0
 13     58.00    52    3.821  0
 14     49.00    52    3.817  0
 15     40.00    52    3.761  0
 16     40.00    52    3.640  0
 17     48.00    52    3.637  0
 18     56.00    52    3.628  0
 19     52.00    52    3.712  0
 20     44.00    52    3.667  0
 21     42.00    52    3.716  0
 22     50.00    52    3.683  0
 23     46.00    52    3.681  0
 24     52.00    52    3.681  0
 25     52.00    52    3.583  0
 26     50.00    52    3.609  0
 27     46.00    52    3.675  0
 28     37.00    52    3.908  0
 29     52.00    52    3.757  0
# avg=46.267  timeouts=0  total_time=111.1s bailed=0
