# config=sol1_h6 problem=m3_easy horizon=44 budget=42.0s n_seeds=30
# columns: seed | reward | steps | time_s | timed_out
  0     54.00    44    8.473  0
  1     56.00    44    8.498  0
  2     66.00    44    8.472  0
  3     56.00    44    8.543  0
  4     56.00    44    8.518  0
  5     54.00    44    8.469  0
  6     62.00    44    8.492  0
  7     52.00    44    8.480  0
  8     54.00    44    8.484  0
  9     54.00    44    8.536  0
 10     46.00    44    8.542  0
 11     50.00    44    8.476  0
 12     66.00    44    8.513  0
 13     44.00    44    8.573  0
 14     50.00    44    8.594  0
 15     64.00    44    8.471  0
 16     54.00    44    8.567  0
 17     68.00    44    8.529  0
 18     84.00    44    8.553  0
 19     54.00    44    8.555  0
 20     42.00    44    8.387  0
 21     54.00    44    8.492  0
 22     58.00    44    8.490  0
 23     60.00    44    8.511  0
 24     66.00    44    8.558  0
 25     50.00    44    8.581  0
 26     58.00    44    8.547  0
 27     62.00    44    8.473  0
 28     50.00    44    8.530  0
 29     62.00    44    8.394  0
# avg=56.867  timeouts=0  total_time=255.7s bailed=0
