# config=sol1_h6 problem=m3_hard horizon=70 budget=55.0s n_seeds=30
# columns: seed | reward | steps | time_s | timed_out
  0     70.00    70   11.082  0
  1     52.00    70   11.172  0
  2     56.00    70   11.133  0
  3     56.00    70   11.101  0
  4     56.00    70   11.031  0
  5     60.00    70   11.058  0
  6     58.00    70   11.139  0
  7     68.00    70   11.038  0
  8     64.00    70   11.112  0
  9     64.00    70   11.035  0
 10     50.00    70   11.492  0
 11     64.00    70   11.191  0
 12     52.00    70   11.101  0
 13     42.00    70   11.032  0
 14     52.00    70   11.016  0
 15     56.00    70   11.149  0
 16     54.00    70   11.086  0
 17     38.00    70   11.023  0
 18     58.00    70   11.163  0
 19     46.00    70   11.167  0
 20     64.00    70   11.030  0
 21     54.00    70   11.060  0
 22     56.00    70   11.247  0
 23     56.00    70   11.339  0
 24     60.00    70   11.178  0
 25     80.00    70   11.105  0
 26     52.00    70   11.114  0
 27     62.00    70   11.175  0
 28     48.00    70   10.976  0
 29     70.00    70   10.993  0
# avg=57.267  timeouts=0  total_time=334.0s bailed=0
