# config=sol1_h6 problem=m3_med horizon=55 budget=47.5s n_seeds=30
# columns: seed | reward | steps | time_s | timed_out
  0     62.00    55    9.688  0
  1     72.00    55    9.570  0
  2     78.00    55    9.481  0
  3     68.00    55    9.428  0
  4     60.00    55    9.651  0
  5     76.00    55    9.505  0
  6     76.00    55    9.589  0
  7     62.00    55    9.589  0
  8     72.00    55    9.530  0
  9     64.00    55    9.596  0
 10     54.00    55    9.445  0
 11     76.00    55    9.447  0
 12     64.00    55    9.375  0
 13     60.00    55    9.465  0
 14     62.00    55    9.510  0
 15     64.00    55    9.374  0
 16     58.00    55    9.495  0
 17     68.00    55    9.399  0
 18     76.00    55    9.417  0
 19     76.00    55    9.459  0
 20     58.00    55    9.436  0
 21     70.00    55    9.535  0
 22     78.00    55    9.434  0
 23     60.00    55    9.572  0
 24     74.00    55    9.480  0
 25     72.00    55    9.473  0
 26     66.00    55    9.558  0
 27     58.00    55    9.470  0
 28     78.00    55    9.479  0
 29     78.00    55    9.475  0
# avg=68.000  timeouts=0  total_time=285.4s bailed=0
