# config=sol1_h6 problem=m4_easy horizon=40 budget=40.0s n_seeds=30
# columns: seed | reward | steps | time_s | timed_out
  0    108.00    40   29.618  0
  1    101.00    40   29.772  0
  2    117.00    40   29.154  0
  3    112.00    40   29.402  0
  4    113.00    40   29.815  0
  5    102.00    40   30.101  0
  6    109.00    40   28.875  0
  7    106.00    40   30.167  0
  8     98.00    40   29.017  0
  9    115.00    40   29.103  0
 10    115.00    40   30.387  0
 11    117.00    40   30.434  0
 12    111.00    40   30.152  0
 13    104.00    40   29.445  0
 14    121.00    40   28.380  0
 15    114.00    40   28.497  0
 16    115.00    40   27.829  0
 17    108.00    40   27.892  0
 18    113.00    40   28.891  0
 19    111.00    40   28.432  0
 20    103.00    40   28.330  0
 21    107.00    40   27.933  0
 22     98.00    40   27.786  0
 23    109.00    40   27.449  0
 24    111.00    40   27.514  0
 25    113.00    40   27.294  0
 26    122.00    40   29.002  0
 27    109.00    40   29.043  0
 28    106.00    40   27.783  0
 29     99.00    40   27.141  0
# avg=109.567  timeouts=0  total_time=870.4s bailed=0
