# config=sol1_h6 problem=m4_hard horizon=64 budget=52.0s n_seeds=30
# columns: seed | reward | steps | time_s | timed_out
  0    164.00    64   42.560  0
  1    170.00    64   44.344  0
  2    156.00    64   42.562  0
  3    156.00    64   42.807  0
  4    143.00    64   43.780  0
  5    164.00    64   42.518  0
  6    158.00    64   42.427  0
  7    150.00    64   40.985  0
  8    160.00    64   39.780  0
  9    159.00    64   40.105  0
 10    176.00    64   38.540  0
 11    156.00    64   39.093  0
 12    169.00    64   39.745  0
 13    158.00    64   39.219  0
 14    164.00    64   40.708  0
 15    171.00    64   40.916  0
 16    162.00    64   41.773  0
 17    168.00    64   42.914  0
 18    170.00    64   39.611  0
 19    157.00    64   39.954  0
 20    162.00    64   39.847  0
 21    165.00    64   39.987  0
 22    157.00    64   40.689  0
 23    158.00    64   39.852  0
 24    166.00    64   40.028  0
 25    150.00    64   40.827  0
 26    182.00    64   37.970  0
 27    164.00    64   38.605  0
 28    149.00    64   42.545  0
 29    154.00    64   38.636  0
# avg=161.267  timeouts=0  total_time=1229.2s bailed=0
