# config=sol1_h6 problem=m4_med horizon=40 budget=40.0s n_seeds=30
# columns: seed | reward | steps | time_s | timed_out
  0    100.00    40   30.178  0
  1    108.00    40   28.099  0
  2    114.00    40   28.074  0
  3    112.00    40   29.069  0
  4     98.00    40   31.784  0
  5    108.00    40   29.946  0
  6    116.00    40   29.507  0
  7     99.00    40   28.895  0
  8     95.00    40   29.379  0
  9    118.00    40   29.567  0
 10    108.00    40   29.686  0
 11    107.00    40   28.796  0
 12    106.00    40   29.274  0
 13    106.00    40   29.808  0
 14    111.00    40   28.841  0
 15    102.00    40   29.742  0
 16    104.00    40   28.017  0
 17    106.00    40   27.381  0
 18    109.00    40   27.819  0
 19    113.00    40   28.058  0
 20    110.00    40   28.780  0
 21    107.00    40   29.198  0
 22     98.00    40   28.873  0
 23    104.00    40   27.545  0
 24    107.00    40   27.565  0
 25     99.00    40   26.884  0
 26    114.00    40   26.802  0
 27     98.00    40   27.683  0
 28    106.00    40   26.568  0
 29    100.00    40   26.267  0
# avg=106.100  timeouts=0  total_time=863.7s bailed=0
