# config=sol1_h6 problem=m5_easy horizon=50 budget=45.0s n_seeds=30
# columns: seed | reward | steps | time_s | timed_out
  0     48.00    50    6.512  0
  1     28.00    50    6.680  0
  2     46.00    50    6.639  0
  3     42.00    50    6.592  0
  4     81.00    50    6.919  0
  5     48.00    50    6.726  0
  6     36.00    50    6.734  0
  7     44.00    50    6.660  0
  8     44.00    50    6.654  0
  9     48.00    50    6.698  0
 10     32.00    50    6.742  0
 11     52.00    50    6.706  0
 12     41.00    50    6.696  0
 13     36.00    50    6.782  0
 14     50.00    50    6.684  0
 15     54.00    50    6.706  0
 16     48.00    50    6.720  0
 17     45.00    50    7.165  0
 18     48.00    50    6.714  0
 19     46.00    50    6.664  0
 20     32.00    50    6.687  0
 21     36.00    50    6.733  0
 22     44.00    50    6.657  0
 23     31.00    50    6.737  0
 24     47.00    50    6.630  0
 25     49.00    50    6.621  0
 26     50.00    50    6.646  0
 27     32.00    50    6.685  0
 28     32.00    50    6.645  0
 29     32.00    50    6.653  0
# avg=43.400  timeouts=0  total_time=201.5s bailed=0
