# config=sol1_h6 problem=m5_hard horizon=70 budget=55.0s n_seeds=30
# columns: seed | reward | steps | time_s | timed_out
  0     95.00    70    8.003  0
  1     85.00    70    7.791  0
  2     83.00    70    7.800  0
  3    124.00    70    7.630  0
  4     81.00    70    7.996  0
  5    130.00    70    7.660  0
  6    122.00    70    8.263  0
  7     83.00    70    7.572  0
  8     70.00    70    7.376  0
  9     71.00    70    7.966  0
 10     87.00    70    7.501  0
 11    142.00    70    7.666  0
 12     93.00    70    7.721  0
 13    101.00    70    7.617  0
 14     79.00    70    7.622  0
 15     78.00    70    8.222  0
 16     89.00    70    7.472  0
 17     81.00    70    7.432  0
 18     83.00    70    8.139  0
 19     71.00    70    8.171  0
 20    132.00    70    7.333  0
 21    132.00    70    7.259  0
 22     66.00    70    7.557  0
 23     87.00    70    7.716  0
 24     84.00    70    7.716  0
 25    146.00    70    7.413  0
 26     85.00    70    7.662  0
 27     89.00    70    7.998  0
 28     89.00    70    7.586  0
 29    132.00    70    7.578  0
# avg=96.333  timeouts=0  total_time=232.3s bailed=0
