# config=sol1_h6 problem=m5_med horizon=62 budget=51.0s n_seeds=30
# columns: seed | reward | steps | time_s | timed_out
  0     61.00    62    7.322  0
  1     42.00    62    7.178  0
  2     45.00    62    7.253  0
  3     96.00    62    7.651  0
  4     53.00    62    7.387  0
  5     35.00    62    7.867  0
  6     43.00    62    7.461  0
  7     88.00    62    7.928  0
  8     57.00    62    7.640  0
  9     98.00    62    7.556  0
 10     40.00    62    7.349  0
 11     33.00    62    7.559  0
 12     55.00    62    7.437  0
 13     45.00    62    7.454  0
 14     80.00    62    7.867  0
 15     47.00    62    7.752  0
 16     97.00    62    8.016  0
 17     42.00    62    8.561  0
 18    100.00    62    8.352  0
 19     90.00    62    8.085  0
 20     40.00    62    7.605  0
 21     47.00    62    7.707  0
 22     46.00    62    7.800  0
 23     35.00    62    7.672  0
 24     53.00    62    8.237  0
 25     82.00    62    7.836  0
 26     58.00    62    7.715  0
 27     45.00    62    7.692  0
 28     88.00    62    7.672  0
 29     45.00    62    7.608  0
# avg=59.533  timeouts=0  total_time=231.8s bailed=0
