# config=sol1_h6 problem=p1_easy horizon=40 budget=40.0s n_seeds=30
# columns: seed | reward | steps | time_s | timed_out
  0    108.00    40    0.972  0
  1    109.00    40    0.972  0
  2    108.00    40    0.994  0
  3     99.00    40    0.986  0
  4    135.00    40    0.960  0
  5    124.00    40    0.974  0
  6    115.00    40    0.995  0
  7    111.00    40    0.999  0
  8    101.00    40    0.976  0
  9    119.00    40    0.987  0
 10    137.00    40    0.964  0
 11    107.00    40    0.978  0
 12     95.00    40    0.954  0
 13    120.00    40    0.940  0
 14    122.00    40    0.982  0
 15    113.00    40    0.987  0
 16    105.00    40    0.972  0
 17    105.00    40    1.058  0
 18    102.00    40    0.971  0
 19    124.00    40    0.969  0
 20    104.00    40    0.984  0
 21    108.00    40    0.982  0
 22    108.00    40    0.977  0
 23    106.00    40    0.963  0
 24    112.00    40    0.979  0
 25    107.00    40    0.966  0
 26    107.00    40    0.978  0
 27    107.00    40    0.967  0
 28    101.00    40    0.918  0
 29    118.00    40    0.957  0
# avg=111.233  timeouts=0  total_time=29.4s bailed=0
