# config=sol1_h6 problem=p1_hard horizon=52 budget=46.0s n_seeds=30
# columns: seed | reward | steps | time_s | timed_out
  0    123.00    52    1.279  0
  1    103.00    52    1.254  0
  2     92.00    52    1.174  0
  3    138.00    52    1.251  0
  4    104.00    52    1.269  0
  5    110.00    52    1.239  0
  6    101.00    52    1.276  0
  7    117.00    52    1.246  0
  8    105.00    52    1.206  0
  9    107.00    52    1.292  0
 10     87.00    52    1.240  0
 11     96.00    52    1.267  0
 12     91.00    52    1.245  0
 13     80.00    52    1.162  0
 14    103.00    52    1.202  0
 15     97.00    52    1.168  0
 16    112.00    52    1.299  0
 17    109.00    52    1.230  0
 18     96.00    52    1.284  0
 19    108.00    52    1.271  0
 20    107.00    52    1.262  0
 21     84.00    52    1.283  0
 22     95.00    52    1.247  0
 23     97.00    52    1.246  0
 24     92.00    52    1.269  0
 25    151.00    52    1.299  0
 26    108.00    52    1.225  0
 27    126.00    52    1.249  0
 28    100.00    52    1.222  0
 29    106.00    52    1.232  0
# avg=104.833  timeouts=0  total_time=37.5s bailed=0
