# config=sol1_h6 problem=p1_med horizon=40 budget=40.0s n_seeds=30
# columns: seed | reward | steps | time_s | timed_out
  0    111.00    40    0.990  0
  1    115.00    40    1.000  0
  2     99.00    40    1.019  0
  3    104.00    40    0.986  0
  4     98.00    40    1.013  0
  5    124.00    40    0.951  0
  6    115.00    40    0.946  0
  7    102.00    40    0.971  0
  8     93.00    40    0.967  0
  9     94.00    40    0.957  0
 10    104.00    40    1.014  0
 11    118.00    40    0.988  0
 12     96.00    40    1.004  0
 13    104.00    40    1.006  0
 14    108.00    40    0.969  0
 15    101.00    40    0.985  0
 16    112.00    40    1.048  0
 17    104.00    40    0.976  0
 18     97.00    40    0.963  0
 19    117.00    40    0.970  0
 20    110.00    40    0.965  0
 21    108.00    40    0.996  0
 22    109.00    40    0.958  0
 23     89.00    40    0.981  0
 24    115.00    40    0.951  0
 25    117.00    40    0.949  0
 26     89.00    40    0.962  0
 27    119.00    40    0.961  0
 28    111.00    40    0.949  0
 29    102.00    40    0.965  0
# avg=106.167  timeouts=0  total_time=29.5s bailed=0
