# config=sol1_h6 problem=rl_easy horizon=40 budget=40.0s n_seeds=30
# columns: seed | reward | steps | time_s | timed_out
  0    451.00    40    0.067  0
  1    450.00    40    0.066  0
  2    500.00    40    0.066  0
  3    451.00    40    0.067  0
  4    450.00    40    0.066  0
  5    451.00    40    0.068  0
  6    450.00    40    0.066  0
  7    451.00    40    0.066  0
  8    500.00    40    0.066  0
  9    450.00    40    0.066  0
 10    451.00    40    0.066  0
 11    500.00    40    0.066  0
 12    500.00    40    0.066  0
 13    450.00    40    0.066  0
 14    500.00    40    0.066  0
 15    451.00    40    0.066  0
 16    450.00    40    0.074  0
 17    450.00    40    0.070  0
 18    500.00    40    0.066  0
 19    500.00    40    0.067  0
 20    500.00    40    0.067  0
 21    450.00    40    0.067  0
 22    500.00    40    0.067  0
 23    500.00    40    0.066  0
 24    500.00    40    0.066  0
 25    500.00    40    0.066  0
 26    451.00    40    0.067  0
 27    500.00    40    0.066  0
 28    450.00    40    0.068  0
 29    450.00    40    0.067  0
# avg=471.900  timeouts=0  total_time=2.0s bailed=0
