# config=sol1_h6 problem=rl_hard horizon=40 budget=40.0s n_seeds=30
# columns: seed | reward | steps | time_s | timed_out
  0    450.00    40    0.066  0
  1    450.00    40    0.067  0
  2    500.00    40    0.067  0
  3    451.00    40    0.067  0
  4    400.00    40    0.068  0
  5    451.00    40    0.067  0
  6    450.00    40    0.067  0
  7    450.00    40    0.066  0
  8    500.00    40    0.067  0
  9    401.00    40    0.067  0
 10    450.00    40    0.067  0
 11    500.00    40    0.067  0
 12    450.00    40    0.067  0
 13    450.00    40    0.067  0
 14    500.00    40    0.067  0
 15    450.00    40    0.066  0
 16    450.00    40    0.066  0
 17    450.00    40    0.067  0
 18    451.00    40    0.066  0
 19    450.00    40    0.067  0
 20    451.00    40    0.066  0
 21    450.00    40    0.067  0
 22    451.00    40    0.073  0
 23    500.00    40    0.067  0
 24    500.00    40    0.067  0
 25    500.00    40    0.066  0
 26    450.00    40    0.067  0
 27    451.00    40    0.066  0
 28    450.00    40    0.068  0
 29    450.00    40    0.067  0
# avg=458.567  timeouts=0  total_time=2.0s bailed=0
