# config=sol2 problem=e1_easy horizon=40 budget=40.0s n_seeds=30
# columns: seed | reward | steps | time_s | timed_out
  0    110.00    40    0.050  0
  1    112.00    40    0.092  0
  2    114.00    40    0.044  0
  3    104.00    40    0.040  0
  4    108.00    40    0.113  0
  5    112.00    40    0.037  0
  6    114.00    40    0.050  0
  7    110.00    40    0.043  0
  8    108.00    40    0.050  0
  9    120.00    40    0.067  0
 10    110.00    40    0.055  0
 11    112.00    40    0.037  0
 12    128.00    40    0.019  0
 13    101.00    40    0.090  0
 14    114.00    40    0.037  0
 15    114.00    40    0.060  0
 16    112.00    40    0.067  0
 17    104.00    40    0.067  0
 18    146.00    40    0.019  0
 19    142.00    40    0.019  0
 20    114.00    40    0.037  0
 21    114.00    40    0.043  0
 22    106.00    40    0.037  0
 23    110.00    40    0.019  0
 24    132.00    40    0.019  0
 25    100.00    40    0.043  0
 26    120.00    40    0.019  0
 27    116.00    40    0.039  0
 28    112.00    40    0.097  0
 29    108.00    40    0.050  0
# avg=114.233  timeouts=0  total_time=1.5s bailed=0
