# config=sol2 problem=e1_hard horizon=40 budget=40.0s n_seeds=30
# columns: seed | reward | steps | time_s | timed_out
  0    110.00    40    0.047  0
  1    110.00    40    0.113  0
  2    112.00    40    0.043  0
  3    114.00    40    0.057  0
  4    106.00    40    0.081  0
  5    112.00    40    0.037  0
  6    113.00    40    0.080  0
  7    110.00    40    0.038  0
  8    106.00    40    0.101  0
  9    120.00    40    0.061  0
 10    108.00    40    0.055  0
 11    106.00    40    0.059  0
 12    107.00    40    0.055  0
 13     94.00    40    0.099  0
 14    114.00    40    0.037  0
 15    114.00    40    0.060  0
 16    112.00    40    0.066  0
 17    114.00    40    0.048  0
 18    122.00    40    0.019  0
 19    114.00    40    0.057  0
 20    108.00    40    0.062  0
 21    114.00    40    0.037  0
 22    106.00    40    0.037  0
 23    106.00    40    0.042  0
 24    112.00    40    0.037  0
 25    104.00    40    0.043  0
 26    116.00    40    0.037  0
 27    116.00    40    0.043  0
 28    100.00    40    0.142  0
 29    108.00    40    0.049  0
# avg=110.267  timeouts=0  total_time=1.7s bailed=0
