# config=sol2 problem=e1_med horizon=40 budget=40.0s n_seeds=30
# columns: seed | reward | steps | time_s | timed_out
  0    110.00    40    0.043  0
  1    114.00    40    0.110  0
  2    112.00    40    0.063  0
  3    114.00    40    0.064  0
  4    102.00    40    0.076  0
  5    114.00    40    0.066  0
  6    114.00    40    0.074  0
  7    110.00    40    0.039  0
  8    110.00    40    0.063  0
  9    104.00    40    0.074  0
 10    108.00    40    0.061  0
 11    120.00    40    0.085  0
 12    107.00    40    0.056  0
 13     99.00    40    0.090  0
 14    114.00    40    0.037  0
 15    114.00    40    0.055  0
 16    102.00    40    0.080  0
 17    114.00    40    0.044  0
 18    116.00    40    0.043  0
 19    114.00    40    0.058  0
 20    108.00    40    0.058  0
 21    114.00    40    0.043  0
 22    106.00    40    0.038  0
 23    106.00    40    0.037  0
 24    116.00    40    0.061  0
 25    104.00    40    0.044  0
 26    116.00    40    0.038  0
 27    116.00    40    0.045  0
 28     92.00    40    0.080  0
 29    108.00    40    0.055  0
# avg=109.933  timeouts=0  total_time=1.8s bailed=0
