# config=sol2 problem=e2_easy horizon=40 budget=40.0s n_seeds=30
# columns: seed | reward | steps | time_s | timed_out
  0    105.00    40    0.010  0
  1     87.00    40    0.013  0
  2     95.00    40    0.009  0
  3     91.00    40    0.009  0
  4     93.00    40    0.015  0
  5     91.00    40    0.007  0
  6     99.00    40    0.011  0
  7    109.00    40    0.009  0
  8     91.00    40    0.015  0
  9    101.00    40    0.013  0
 10     93.00    40    0.010  0
 11    105.00    40    0.004  0
 12    103.00    40    0.004  0
 13     91.00    40    0.013  0
 14     85.00    40    0.011  0
 15     99.00    40    0.010  0
 16     91.00    40    0.017  0
 17     97.00    40    0.004  0
 18    103.00    40    0.008  0
 19     91.00    40    0.009  0
 20     91.00    40    0.007  0
 21     97.00    40    0.012  0
 22     99.00    40    0.004  0
 23     93.00    40    0.005  0
 24    103.00    40    0.004  0
 25     95.00    40    0.007  0
 26    101.00    40    0.007  0
 27    105.00    40    0.011  0
 28     87.00    40    0.015  0
 29     97.00    40    0.010  0
# avg=96.267  timeouts=0  total_time=0.3s bailed=0
