# config=sol2 problem=e2_hard horizon=44 budget=42.0s n_seeds=30
# columns: seed | reward | steps | time_s | timed_out
  0     70.00    44    0.012  0
  1     70.00    44    0.015  0
  2     70.00    44    0.011  0
  3     64.00    44    0.011  0
  4     66.00    44    0.016  0
  5     91.00    44    0.014  0
  6     91.00    44    0.012  0
  7     64.00    44    0.012  0
  8     62.00    44    0.014  0
  9     76.00    44    0.013  0
 10     70.00    44    0.011  0
 11     78.00    44    0.011  0
 12     68.00    44    0.011  0
 13     78.00    44    0.013  0
 14     72.00    44    0.011  0
 15     37.00    44    0.008  0
 16     70.00    44    0.017  0
 17     68.00    44    0.011  0
 18     74.00    44    0.012  0
 19     72.00    44    0.011  0
 20     89.00    44    0.016  0
 21     72.00    44    0.013  0
 22     76.00    44    0.014  0
 23     70.00    44    0.011  0
 24     68.00    44    0.011  0
 25     87.00    44    0.008  0
 26     64.00    44    0.011  0
 27     99.00    44    0.012  0
 28     39.00    44    0.012  0
 29     72.00    44    0.018  0
# avg=71.567  timeouts=0  total_time=0.4s bailed=0
