# config=sol2 problem=e2_med horizon=40 budget=40.0s n_seeds=30
# columns: seed | reward | steps | time_s | timed_out
  0    103.00    40    0.013  0
  1     87.00    40    0.016  0
  2    101.00    40    0.009  0
  3     89.00    40    0.012  0
  4     64.00    40    0.015  0
  5     93.00    40    0.010  0
  6     99.00    40    0.011  0
  7    101.00    40    0.009  0
  8     91.00    40    0.015  0
  9     99.00    40    0.014  0
 10     99.00    40    0.010  0
 11    101.00    40    0.016  0
 12     91.00    40    0.013  0
 13     97.00    40    0.013  0
 14     85.00    40    0.011  0
 15     99.00    40    0.010  0
 16     93.00    40    0.017  0
 17     91.00    40    0.012  0
 18     97.00    40    0.008  0
 19     99.00    40    0.014  0
 20     85.00    40    0.012  0
 21     97.00    40    0.016  0
 22     93.00    40    0.007  0
 23     99.00    40    0.008  0
 24    103.00    40    0.004  0
 25     79.00    40    0.010  0
 26     93.00    40    0.007  0
 27     93.00    40    0.014  0
 28     89.00    40    0.015  0
 29     95.00    40    0.011  0
# avg=93.500  timeouts=0  total_time=0.4s bailed=0
