# config=sol2 problem=e3_easy horizon=40 budget=40.0s n_seeds=30
# columns: seed | reward | steps | time_s | timed_out
  0    104.00    40    0.228  0
  1    104.00    40    0.456  0
  2    104.00    40    0.206  0
  3     95.00    40    0.396  0
  4    103.00    40    0.408  0
  5    101.00    40    0.206  0
  6    108.00    40    0.248  0
  7    108.00    40    0.202  0
  8     90.00    40    0.393  0
  9    103.00    40    0.368  0
 10     89.00    40    0.406  0
 11    100.00    40    0.096  0
 12     95.00    40    0.102  0
 13     60.00    40    0.417  0
 14    103.00    40    0.304  0
 15    109.00    40    0.384  0
 16     95.00    40    0.295  0
 17     93.00    40    0.298  0
 18     91.00    40    0.247  0
 19    101.00    40    0.214  0
 20    103.00    40    0.205  0
 21     99.00    40    0.244  0
 22     93.00    40    0.228  0
 23     92.00    40    0.104  0
 24    101.00    40    0.096  0
 25    103.00    40    0.214  0
 26     98.00    40    0.377  0
 27     94.00    40    0.311  0
 28     64.00    40    0.282  0
 29     99.00    40    0.284  0
# avg=96.733  timeouts=0  total_time=8.2s bailed=0
