# config=sol2 problem=e3_hard horizon=70 budget=55.0s n_seeds=30
# columns: seed | reward | steps | time_s | timed_out
  0     87.00    70    0.546  0
  1    111.00    70    0.587  0
  2    123.00    70    0.317  0
  3    144.00    70    0.483  0
  4    100.00    70    0.485  0
  5    144.00    70    0.534  0
  6    155.00    70    0.568  0
  7     97.00    70    0.430  0
  8    152.00    70    0.604  0
  9    112.00    70    0.380  0
 10    109.00    70    0.437  0
 11    158.00    70    0.484  0
 12    113.00    70    0.494  0
 13    111.00    70    0.522  0
 14    107.00    70    0.437  0
 15     91.00    70    0.588  0
 16    107.00    70    0.431  0
 17    146.00    70    0.592  0
 18    106.00    70    0.437  0
 19    116.00    70    0.517  0
 20    108.00    70    0.369  0
 21    147.00    70    0.571  0
 22    142.00    70    0.521  0
 23    153.00    70    0.531  0
 24    120.00    70    0.444  0
 25    120.00    70    0.353  0
 26    127.00    70    0.422  0
 27    145.00    70    0.600  0
 28    111.00    70    0.695  0
 29    101.00    70    0.470  0
# avg=122.100  timeouts=0  total_time=14.8s bailed=0
