# config=sol2 problem=e3_med horizon=45 budget=42.5s n_seeds=30
# columns: seed | reward | steps | time_s | timed_out
  0    100.00    45    0.493  0
  1     91.00    45    0.561  0
  2    103.00    45    0.337  0
  3     99.00    45    0.458  0
  4     43.00    45    0.491  0
  5    102.00    45    0.314  0
  6    107.00    45    0.362  0
  7    100.00    45    0.318  0
  8     99.00    45    0.384  0
  9    108.00    45    0.321  0
 10    114.00    45    0.211  0
 11    107.00    45    0.340  0
 12     97.00    45    0.370  0
 13    105.00    45    0.459  0
 14    102.00    45    0.338  0
 15    102.00    45    0.404  0
 16    113.00    45    0.321  0
 17     93.00    45    0.378  0
 18    107.00    45    0.367  0
 19    104.00    45    0.350  0
 20     96.00    45    0.325  0
 21    102.00    45    0.341  0
 22     91.00    45    0.270  0
 23     96.00    45    0.251  0
 24     92.00    45    0.328  0
 25     97.00    45    0.313  0
 26    109.00    45    0.300  0
 27    117.00    45    0.416  0
 28     65.00    45    0.334  0
 29    106.00    45    0.396  0
# avg=98.900  timeouts=0  total_time=10.9s bailed=0
