# config=sol2 problem=e4_easy horizon=40 budget=40.0s n_seeds=30
# columns: seed | reward | steps | time_s | timed_out
  0    136.00    40    0.010  0
  1    124.00    40    0.014  0
  2    146.00    40    0.008  0
  3    140.00    40    0.008  0
  4    134.00    40    0.014  0
  5    134.00    40    0.014  0
  6    146.00    40    0.019  0
  7    140.00    40    0.008  0
  8    140.00    40    0.014  0
  9    152.00    40    0.010  0
 10    136.00    40    0.008  0
 11    144.00    40    0.008  0
 12    138.00    40    0.005  0
 13    126.00    40    0.014  0
 14    158.00    40    0.008  0
 15    130.00    40    0.014  0
 16    114.00    40    0.011  0
 17    140.00    40    0.013  0
 18    144.00    40    0.009  0
 19    148.00    40    0.008  0
 20    132.00    40    0.008  0
 21    146.00    40    0.012  0
 22    134.00    40    0.010  0
 23    148.00    40    0.005  0
 24    142.00    40    0.004  0
 25    144.00    40    0.008  0
 26    140.00    40    0.016  0
 27    138.00    40    0.012  0
 28    122.00    40    0.017  0
 29    126.00    40    0.016  0
# avg=138.067  timeouts=0  total_time=0.3s bailed=0
