# config=sol2 problem=e4_med horizon=40 budget=40.0s n_seeds=30
# columns: seed | reward | steps | time_s | timed_out
  0    110.00    40    0.013  0
  1    120.00    40    0.016  0
  2    144.00    40    0.012  0
  3    140.00    40    0.012  0
  4    116.00    40    0.024  0
  5    134.00    40    0.014  0
  6    114.00    40    0.020  0
  7    156.00    40    0.012  0
  8    140.00    40    0.014  0
  9    120.00    40    0.013  0
 10    116.00    40    0.013  0
 11    136.00    40    0.012  0
 12    108.00    40    0.012  0
 13    126.00    40    0.014  0
 14    144.00    40    0.012  0
 15    134.00    40    0.012  0
 16    122.00    40    0.015  0
 17    142.00    40    0.014  0
 18    134.00    40    0.009  0
 19    154.00    40    0.012  0
 20    138.00    40    0.012  0
 21    146.00    40    0.012  0
 22    130.00    40    0.012  0
 23    148.00    40    0.004  0
 24    148.00    40    0.008  0
 25    144.00    40    0.008  0
 26    154.00    40    0.010  0
 27    106.00    40    0.017  0
 28    118.00    40    0.018  0
 29    120.00    40    0.014  0
# avg=132.067  timeouts=0  total_time=0.4s bailed=0
