# config=sol2 problem=e5_easy horizon=40 budget=40.0s n_seeds=30
# columns: seed | reward | steps | time_s | timed_out
  0    101.00    40    0.022  0
  1     80.00    40    0.041  0
  2    130.00    40    0.030  0
  3     83.00    40    0.027  0
  4     96.00    40    0.037  0
  5     95.00    40    0.021  0
  6     91.00    40    0.023  0
  7     89.00    40    0.033  0
  8     84.00    40    0.030  0
  9     90.00    40    0.022  0
 10     94.00    40    0.031  0
 11    126.00    40    0.021  0
 12    124.00    40    0.011  0
 13     92.00    40    0.038  0
 14     93.00    40    0.035  0
 15     83.00    40    0.031  0
 16     84.00    40    0.027  0
 17     89.00    40    0.030  0
 18    122.00    40    0.023  0
 19    134.00    40    0.011  0
 20    110.00    40    0.021  0
 21     82.00    40    0.044  0
 22    120.00    40    0.011  0
 23    126.00    40    0.011  0
 24    126.00    40    0.011  0
 25    112.00    40    0.022  0
 26     89.00    40    0.031  0
 27     93.00    40    0.021  0
 28     94.00    40    0.031  0
 29     92.00    40    0.042  0
# avg=100.800  timeouts=0  total_time=0.8s bailed=0
