# config=sol2 problem=e5_hard horizon=52 budget=46.0s n_seeds=30
# columns: seed | reward | steps | time_s | timed_out
  0     87.00    52    0.035  0
  1     84.00    52    0.049  0
  2     84.00    52    0.042  0
  3     78.00    52    0.033  0
  4     50.00    52    0.053  0
  5     74.00    52    0.035  0
  6     96.00    52    0.038  0
  7     87.00    52    0.042  0
  8    122.00    52    0.062  0
  9     95.00    52    0.036  0
 10     93.00    52    0.033  0
 11     84.00    52    0.041  0
 12     97.00    52    0.036  0
 13     50.00    52    0.035  0
 14     84.00    52    0.070  0
 15     82.00    52    0.041  0
 16     88.00    52    0.044  0
 17     82.00    52    0.037  0
 18     94.00    52    0.038  0
 19     91.00    52    0.032  0
 20    122.00    52    0.043  0
 21    120.00    52    0.060  0
 22     49.00    52    0.026  0
 23     92.00    52    0.040  0
 24    128.00    52    0.045  0
 25     94.00    52    0.034  0
 26     89.00    52    0.036  0
 27     91.00    52    0.043  0
 28     84.00    52    0.066  0
 29    100.00    52    0.034  0
# avg=89.033  timeouts=0  total_time=1.3s bailed=0
