# config=sol2 problem=e5_med horizon=40 budget=40.0s n_seeds=30
# columns: seed | reward | steps | time_s | timed_out
  0     82.00    40    0.033  0
  1     80.00    40    0.041  0
  2     99.00    40    0.030  0
  3     82.00    40    0.033  0
  4     84.00    40    0.046  0
  5     76.00    40    0.031  0
  6     80.00    40    0.029  0
  7     82.00    40    0.033  0
  8     88.00    40    0.042  0
  9     86.00    40    0.043  0
 10     86.00    40    0.036  0
 11     88.00    40    0.034  0
 12     86.00    40    0.032  0
 13     92.00    40    0.033  0
 14     95.00    40    0.040  0
 15     96.00    40    0.037  0
 16     84.00    40    0.027  0
 17     86.00    40    0.035  0
 18     88.00    40    0.034  0
 19     78.00    40    0.031  0
 20     85.00    40    0.031  0
 21     84.00    40    0.021  0
 22     95.00    40    0.023  0
 23     83.00    40    0.021  0
 24     87.00    40    0.020  0
 25     84.00    40    0.022  0
 26     88.00    40    0.032  0
 27     90.00    40    0.039  0
 28     90.00    40    0.031  0
 29     84.00    40    0.044  0
# avg=86.267  timeouts=0  total_time=1.0s bailed=0
