# config=sol2 problem=m1_easy horizon=48 budget=44.0s n_seeds=30
# columns: seed | reward | steps | time_s | timed_out
  0     70.00    48    0.705  0
  1     69.00    48    2.779  0
  2    115.00    48    1.410  0
  3     77.00    48    1.418  0
  4     69.00    48    2.074  0
  5     78.00    48    1.588  0
  6     69.00    48    2.055  0
  7     72.00    48    1.421  0
  8     69.00    48    2.134  0
  9     80.00    48    1.576  0
 10     74.00    48    1.903  0
 11     90.00    48    1.424  0
 12    125.00    48    0.702  0
 13     72.00    48    1.622  0
 14     78.00    48    0.886  0
 15     80.00    48    1.508  0
 16     80.00    48    1.709  0
 17     76.00    48    1.888  0
 18     78.00    48    1.894  0
 19     71.00    48    1.376  0
 20     82.00    48    1.624  0
 21     77.00    48    2.057  0
 22     90.00    48    1.724  0
 23    120.00    48    0.730  0
 24    120.00    48    0.702  0
 25     82.00    48    1.576  0
 26     83.00    48    1.468  0
 27     74.00    48    1.323  0
 28     59.00    48    2.391  0
 29     74.00    48    1.607  0
# avg=81.767  timeouts=0  total_time=47.3s bailed=0
