# config=sol2 problem=m1_hard horizon=70 budget=55.0s n_seeds=30
# columns: seed | reward | steps | time_s | timed_out
  0     87.00    70    4.734  0
  1    130.00    70    8.649  0
  2    124.00    70    9.917  0
  3    125.00    70    6.502  0
  4     77.00    70    8.370  0
  5    120.00    70    3.699  0
  6    117.00    70    7.761  0
  7    117.00    70    3.705  0
  8    117.00    70    4.586  0
  9    118.00    70    8.480  0
 10    128.00    70    3.834  0
 11    128.00    70    3.375  0
 12    131.00    70    5.536  0
 13     76.00    70   11.879  0
 14    141.00    70    5.924  0
 15    111.00    70    5.399  0
 16    125.00    70    3.139  0
 17    119.00    70    6.342  0
 18    123.00    70    4.662  0
 19     77.00    70    7.354  0
 20    122.00    70    5.831  0
 21    112.00    70    7.763  0
 22    129.00    70    6.303  0
 23    125.00    70    6.457  0
 24    121.00    70    6.965  0
 25    131.00    70    4.708  0
 26    124.00    70    6.222  0
 27    128.00    70    6.007  0
 28     80.00    70    3.437  0
 29    125.00    70    3.907  0
# avg=116.267  timeouts=0  total_time=181.4s bailed=0
