# config=sol2 problem=m1_med horizon=60 budget=50.0s n_seeds=30
# columns: seed | reward | steps | time_s | timed_out
  0    121.00    60    1.906  0
  1    129.00    60    3.701  0
  2    124.00    60    2.866  0
  3    123.00    60    2.572  0
  4    133.00    60    3.951  0
  5    125.00    60    2.242  0
  6    116.00    60    3.995  0
  7    110.00    60    3.214  0
  8    119.00    60    2.793  0
  9    124.00    60    3.601  0
 10    113.00    60    3.836  0
 11    128.00    60    2.997  0
 12    134.00    60    2.977  0
 13    118.00    60    4.391  0
 14    125.00    60    5.075  0
 15    125.00    60    2.304  0
 16    126.00    60    2.432  0
 17    128.00    60    3.241  0
 18    117.00    60    4.065  0
 19    110.00    60    2.735  0
 20    122.00    60    3.483  0
 21    123.00    60    3.428  0
 22    133.00    60    3.043  0
 23    116.00    60    3.682  0
 24    121.00    60    3.126  0
 25    115.00    60    2.396  0
 26    138.00    60    2.437  0
 27    122.00    60    3.580  0
 28     69.00    60    4.523  0
 29    119.00    60    2.892  0
# avg=120.867  timeouts=0  total_time=97.5s bailed=0
