# config=sol2 problem=m2_easy horizon=42 budget=41.0s n_seeds=30
# columns: seed | reward | steps | time_s | timed_out
  0     75.00    42    0.964  0
  1     60.00    42    2.173  0
  2     76.00    42    1.233  0
  3     70.00    42    1.227  0
  4     79.00    42    1.607  0
  5     69.00    42    1.250  0
  6    126.00    42    1.294  0
  7     76.00    42    1.217  0
  8     75.00    42    1.774  0
  9     75.00    42    1.249  0
 10     60.00    42    1.255  0
 11    122.00    42    0.608  0
 12    128.00    42    0.597  0
 13     68.00    42    1.587  0
 14     71.00    42    1.249  0
 15     74.00    42    1.212  0
 16     67.00    42    1.232  0
 17     87.00    42    1.308  0
 18     72.00    42    1.395  0
 19     63.00    42    0.804  0
 20    106.00    42    0.607  0
 21     71.00    42    1.316  0
 22     64.00    42    1.305  0
 23     68.00    42    0.606  0
 24    121.00    42    0.593  0
 25     67.00    42    1.309  0
 26     81.00    42    1.217  0
 27     77.00    42    0.693  0
 28     76.00    42    1.591  0
 29     70.00    42    1.253  0
# avg=79.800  timeouts=0  total_time=35.7s bailed=0
