# config=sol2 problem=m2_hard horizon=70 budget=55.0s n_seeds=30
# columns: seed | reward | steps | time_s | timed_out
  0    118.00    70    2.265  0
  1    119.00    70    3.373  0
  2    129.00    70    2.299  0
  3    132.00    70    2.454  0
  4    122.00    70    2.485  0
  5    119.00    70    1.969  0
  6    124.00    70    2.477  0
  7    122.00    70    2.196  0
  8    122.00    70    3.026  0
  9    133.00    70    3.034  0
 10    116.00    70    2.650  0
 11    118.00    70    2.476  0
 12    118.00    70    2.559  0
 13    119.00    70    2.487  0
 14    111.00    70    2.959  0
 15    121.00    70    2.719  0
 16    126.00    70    2.758  0
 17    116.00    70    2.322  0
 18    119.00    70    2.630  0
 19    125.00    70    2.943  0
 20    113.00    70    2.496  0
 21    120.00    70    2.844  0
 22    135.00    70    2.197  0
 23    129.00    70    3.217  0
 24    118.00    70    2.682  0
 25    126.00    70    1.984  0
 26    128.00    70    2.345  0
 27    129.00    70    2.825  0
 28    112.00    70    2.714  0
 29    136.00    70    2.020  0
# avg=122.500  timeouts=0  total_time=77.4s bailed=0
