# config=sol2 problem=m2_med horizon=52 budget=46.0s n_seeds=30
# columns: seed | reward | steps | time_s | timed_out
  0    116.00    52    1.977  0
  1     98.00    52    2.789  0
  2    124.00    52    1.815  0
  3    116.00    52    1.849  0
  4     52.00    52    2.018  0
  5    110.00    52    1.318  0
  6    115.00    52    1.890  0
  7    100.00    52    1.883  0
  8    130.00    52    2.365  0
  9    115.00    52    2.175  0
 10    106.00    52    1.245  0
 11    115.00    52    1.919  0
 12    116.00    52    2.189  0
 13    123.00    52    1.923  0
 14    110.00    52    1.948  0
 15    119.00    52    1.819  0
 16    115.00    52    1.819  0
 17    131.00    52    1.889  0
 18    114.00    52    1.433  0
 19    115.00    52    2.431  0
 20    120.00    52    1.857  0
 21    120.00    52    2.319  0
 22    117.00    52    2.351  0
 23    116.00    52    2.550  0
 24    112.00    52    1.888  0
 25    114.00    52    1.990  0
 26    125.00    52    1.606  0
 27    131.00    52    2.052  0
 28     76.00    52    1.887  0
 29    114.00    52    2.597  0
# avg=112.833  timeouts=0  total_time=59.8s bailed=0
