# config=sol2 problem=m3_easy horizon=44 budget=42.0s n_seeds=30
# columns: seed | reward | steps | time_s | timed_out
  0     80.00    44    2.233  0
  1     70.00    44    3.828  0
  2     74.00    44    1.966  0
  3     75.00    44    1.965  0
  4     90.00    44    2.574  0
  5     71.00    44    1.990  0
  6     71.00    44    2.233  0
  7     70.00    44    1.948  0
  8     69.00    44    2.856  0
  9     91.00    44    2.005  0
 10     77.00    44    2.017  0
 11     79.00    44    1.952  0
 12    125.00    44    0.980  0
 13     66.00    44    2.947  0
 14     79.00    44    1.944  0
 15     73.00    44    1.996  0
 16     78.00    44    2.059  0
 17     78.00    44    2.138  0
 18    116.00    44    2.108  0
 19     77.00    44    1.295  0
 20    115.00    44    0.972  0
 21     82.00    44    2.125  0
 22     61.00    44    2.096  0
 23     76.00    44    0.979  0
 24    120.00    44    0.974  0
 25     69.00    44    2.086  0
 26     77.00    44    1.944  0
 27     81.00    44    1.185  0
 28     76.00    44    2.767  0
 29     71.00    44    1.997  0
# avg=81.233  timeouts=0  total_time=60.2s bailed=0
