# config=sol2 problem=m3_hard horizon=70 budget=55.0s n_seeds=30
# columns: seed | reward | steps | time_s | timed_out
  0    122.00    70    4.875  0
  1    124.00    70    5.293  0
  2    118.00    70    4.891  0
  3    116.00    70    4.153  0
  4    114.00    70    4.637  0
  5    130.00    70    4.113  0
  6    115.00    70    4.612  0
  7    128.00    70    3.884  0
  8    111.00    70    4.923  0
  9    121.00    70    3.931  0
 10    106.00    70    3.937  0
 11    128.00    70    4.073  0
 12    132.00    70    4.475  0
 13     80.00    70    5.539  0
 14     80.00    70    6.388  0
 15    113.00    70    5.463  0
 16    111.00    70    4.027  0
 17    116.00    70    3.980  0
 18    130.00    70    2.944  0
 19     69.00    70    3.456  0
 20    105.00    70    3.968  0
 21    121.00    70    3.965  0
 22    114.00    70    3.158  0
 23     81.00    70    3.925  0
 24    110.00    70    5.387  0
 25    135.00    70    3.327  0
 26    122.00    70    3.794  0
 27    128.00    70    3.657  0
 28    124.00    70    3.670  0
 29    117.00    70    3.746  0
# avg=114.033  timeouts=0  total_time=128.2s bailed=0
