# config=sol2 problem=m3_med horizon=55 budget=47.5s n_seeds=30
# columns: seed | reward | steps | time_s | timed_out
  0    122.00    55    3.207  0
  1    119.00    55    4.955  0
  2    115.00    55    3.758  0
  3    121.00    55    3.004  0
  4     74.00    55    3.359  0
  5    114.00    55    2.982  0
  6    110.00    55    3.240  0
  7    114.00    55    3.244  0
  8    112.00    55    3.875  0
  9    122.00    55    2.821  0
 10    120.00    55    2.978  0
 11    136.00    55    3.071  0
 12    127.00    55    3.104  0
 13    128.00    55    3.152  0
 14    114.00    55    3.813  0
 15    120.00    55    3.615  0
 16    125.00    55    3.067  0
 17    121.00    55    3.101  0
 18    118.00    55    3.135  0
 19    115.00    55    3.933  0
 20    122.00    55    2.335  0
 21    116.00    55    3.087  0
 22    116.00    55    4.152  0
 23    110.00    55    3.306  0
 24    124.00    55    3.067  0
 25    129.00    55    3.088  0
 26    127.00    55    2.293  0
 27    119.00    55    3.362  0
 28     88.00    55    3.355  0
 29    114.00    55    3.102  0
# avg=117.067  timeouts=0  total_time=98.6s bailed=0
