# config=sol2 problem=m4_easy horizon=40 budget=40.0s n_seeds=30
# columns: seed | reward | steps | time_s | timed_out
  0    108.00    40    0.972  0
  1     96.00    40    1.781  0
  2    114.00    40    0.950  0
  3    106.00    40    1.665  0
  4    110.00    40    1.592  0
  5    112.00    40    0.965  0
  6    110.00    40    1.524  0
  7    106.00    40    0.936  0
  8    102.00    40    1.531  0
  9    116.00    40    1.694  0
 10    118.00    40    1.564  0
 11    120.00    40    1.173  0
 12    104.00    40    0.477  0
 13    108.00    40    1.621  0
 14    120.00    40    0.481  0
 15    116.00    40    1.492  0
 16    104.00    40    1.421  0
 17    106.00    40    1.421  0
 18    110.00    40    1.024  0
 19    106.00    40    0.962  0
 20    100.00    40    0.956  0
 21    106.00    40    0.994  0
 22    106.00    40    0.994  0
 23    102.00    40    0.514  0
 24    106.00    40    0.475  0
 25    114.00    40    0.982  0
 26    128.00    40    1.503  0
 27    108.00    40    0.950  0
 28    106.00    40    1.464  0
 29    108.00    40    1.519  0
# avg=109.200  timeouts=0  total_time=35.6s bailed=0
