# config=sol2 problem=m4_hard horizon=64 budget=52.0s n_seeds=30
# columns: seed | reward | steps | time_s | timed_out
  0    171.00    64    1.923  0
  1    171.00    64    2.650  0
  2    109.00    64    1.515  0
  3    159.00    64    1.511  0
  4    117.00    64    1.955  0
  5    169.00    64    1.898  0
  6    163.00    64    2.007  0
  7    161.00    64    1.871  0
  8    151.00    64    1.748  0
  9    177.00    64    1.545  0
 10    147.00    64    2.215  0
 11    171.00    64    1.880  0
 12    149.00    64    2.040  0
 13    167.00    64    2.143  0
 14    175.00    64    1.876  0
 15    102.00    64    1.444  0
 16    159.00    64    1.892  0
 17    163.00    64    1.958  0
 18    151.00    64    2.093  0
 19    161.00    64    1.956  0
 20    145.00    64    1.957  0
 21    157.00    64    1.959  0
 22    153.00    64    2.581  0
 23    153.00    64    1.595  0
 24    167.00    64    1.402  0
 25    153.00    64    1.908  0
 26    169.00    64    1.912  0
 27    161.00    64    1.657  0
 28    163.00    64    1.760  0
 29    153.00    64    2.040  0
# avg=155.567  timeouts=0  total_time=56.9s bailed=0
