# config=sol2 problem=m4_med horizon=40 budget=40.0s n_seeds=30
# columns: seed | reward | steps | time_s | timed_out
  0    100.00    40    1.440  0
  1    104.00    40    2.167  0
  2    112.00    40    1.384  0
  3    106.00    40    1.602  0
  4    102.00    40    1.767  0
  5    108.00    40    1.387  0
  6    110.00    40    1.463  0
  7    104.00    40    1.420  0
  8    100.00    40    1.401  0
  9    110.00    40    1.576  0
 10    112.00    40    0.950  0
 11    112.00    40    1.265  0
 12    102.00    40    1.543  0
 13    108.00    40    1.601  0
 14    114.00    40    0.938  0
 15     92.00    40    0.941  0
 16    110.00    40    0.943  0
 17    104.00    40    1.408  0
 18    108.00    40    1.472  0
 19    106.00    40    1.410  0
 20    100.00    40    0.938  0
 21    104.00    40    0.978  0
 22    106.00    40    1.470  0
 23    106.00    40    1.077  0
 24    112.00    40    1.382  0
 25    114.00    40    0.935  0
 26    114.00    40    1.503  0
 27    106.00    40    1.466  0
 28    104.00    40    0.975  0
 29    110.00    40    1.365  0
# avg=106.667  timeouts=0  total_time=40.2s bailed=0
