# config=sol2 problem=m5_easy horizon=50 budget=45.0s n_seeds=30
# columns: seed | reward | steps | time_s | timed_out
  0     87.00    50    2.131  0
  1     93.00    50    3.036  0
  2    130.00    50    2.113  0
  3     81.00    50    2.122  0
  4     85.00    50    2.986  0
  5     79.00    50    2.112  0
  6     81.00    50    2.753  0
  7     85.00    50    2.075  0
  8     85.00    50    2.999  0
  9     91.00    50    2.253  0
 10     81.00    50    2.182  0
 11     91.00    50    2.103  0
 12    128.00    50    1.082  0
 13     95.00    50    2.113  0
 14     91.00    50    1.376  0
 15     85.00    50    2.087  0
 16     93.00    50    2.847  0
 17     83.00    50    2.790  0
 18     83.00    50    2.584  0
 19     93.00    50    1.044  0
 20     93.00    50    2.174  0
 21     85.00    50    2.552  0
 22     87.00    50    2.400  0
 23     81.00    50    1.047  0
 24    128.00    50    1.049  0
 25     91.00    50    2.277  0
 26     77.00    50    2.118  0
 27     95.00    50    1.992  0
 28     89.00    50    2.124  0
 29     85.00    50    2.281  0
# avg=91.033  timeouts=0  total_time=64.8s bailed=0
