# config=sol2 problem=m5_hard horizon=70 budget=55.0s n_seeds=30
# columns: seed | reward | steps | time_s | timed_out
  0     91.00    70    2.662  0
  1    122.00    70    4.870  0
  2    132.00    70    2.342  0
  3    124.00    70    3.369  0
  4     89.00    70    3.695  0
  5    130.00    70    3.628  0
  6     95.00    70    3.669  0
  7     79.00    70    3.612  0
  8    128.00    70    5.060  0
  9     89.00    70    3.154  0
 10     79.00    70    3.344  0
 11    126.00    70    4.212  0
 12    132.00    70    4.338  0
 13     73.00    70    3.045  0
 14     83.00    70    3.414  0
 15     69.00    70    2.457  0
 16     83.00    70    3.502  0
 17    122.00    70    3.607  0
 18     83.00    70    3.133  0
 19     89.00    70    3.502  0
 20    138.00    70    4.113  0
 21    144.00    70    3.897  0
 22     76.00    70    3.700  0
 23    138.00    70    3.740  0
 24    140.00    70    3.850  0
 25    134.00    70    2.579  0
 26    124.00    70    4.381  0
 27    132.00    70    4.583  0
 28     93.00    70    2.366  0
 29    130.00    70    4.357  0
# avg=108.900  timeouts=0  total_time=108.2s bailed=0
