# config=sol2 problem=m5_med horizon=62 budget=51.0s n_seeds=30
# columns: seed | reward | steps | time_s | timed_out
  0    124.00    62    3.855  0
  1    142.00    62    4.490  0
  2    130.00    62    3.967  0
  3    130.00    62    3.947  0
  4     89.00    62    3.443  0
  5    130.00    62    3.151  0
  6    132.00    62    4.442  0
  7    126.00    62    4.600  0
  8    136.00    62    4.004  0
  9    130.00    62    4.609  0
 10    128.00    62    4.062  0
 11    140.00    62    3.642  0
 12    132.00    62    4.837  0
 13    130.00    62    5.274  0
 14    144.00    62    4.359  0
 15    132.00    62    3.113  0
 16    136.00    62    6.118  0
 17    128.00    62    4.912  0
 18    130.00    62    3.728  0
 19    132.00    62    3.178  0
 20    136.00    62    4.338  0
 21    126.00    62    3.622  0
 22    128.00    62    3.580  0
 23    128.00    62    4.338  0
 24    138.00    62    2.431  0
 25    130.00    62    3.385  0
 26    116.00    62    4.053  0
 27    126.00    62    4.651  0
 28     91.00    62    4.379  0
 29    118.00    62    4.431  0
# avg=127.933  timeouts=0  total_time=122.9s bailed=0
