# config=sol2 problem=p1_easy horizon=40 budget=40.0s n_seeds=30
# columns: seed | reward | steps | time_s | timed_out
  0    159.00    40    0.022  0
  1    110.00    40    0.038  0
  2    156.00    40    0.028  0
  3    120.00    40    0.021  0
  4    108.00    40    0.036  0
  5    152.00    40    0.019  0
  6    104.00    40    0.026  0
  7    104.00    40    0.039  0
  8     86.00    40    0.029  0
  9    118.00    40    0.023  0
 10    104.00    40    0.031  0
 11    158.00    40    0.022  0
 12    142.00    40    0.010  0
 13    110.00    40    0.021  0
 14    110.00    40    0.033  0
 15    154.00    40    0.020  0
 16    118.00    40    0.027  0
 17     98.00    40    0.028  0
 18    143.00    40    0.022  0
 19    161.00    40    0.024  0
 20    130.00    40    0.020  0
 21    113.00    40    0.024  0
 22    163.00    40    0.022  0
 23    150.00    40    0.011  0
 24    153.00    40    0.010  0
 25    134.00    40    0.021  0
 26    109.00    40    0.029  0
 27     99.00    40    0.020  0
 28    112.00    40    0.031  0
 29    102.00    40    0.043  0
# avg=126.000  timeouts=0  total_time=0.8s bailed=0
