# config=sol2 problem=p1_hard horizon=52 budget=46.0s n_seeds=30
# columns: seed | reward | steps | time_s | timed_out
  0    160.00    52    0.113  0
  1    108.00    52    0.094  0
  2     89.00    52    0.119  0
  3     97.00    52    0.097  0
  4    102.00    52    0.109  0
  5    101.00    52    0.068  0
  6    157.00    52    0.099  0
  7    104.00    52    0.170  0
  8     94.00    52    0.115  0
  9    153.00    52    0.094  0
 10    107.00    52    0.125  0
 11    161.00    52    0.055  0
 12    102.00    52    0.064  0
 13     63.00    52    0.088  0
 14    109.00    52    0.185  0
 15    100.00    52    0.092  0
 16     96.00    52    0.157  0
 17    124.00    52    0.062  0
 18    105.00    52    0.054  0
 19     98.00    52    0.106  0
 20    151.00    52    0.079  0
 21    127.00    52    0.075  0
 22    125.00    52    0.048  0
 23     96.00    52    0.062  0
 24    134.00    52    0.076  0
 25    149.00    52    0.056  0
 26    138.00    52    0.073  0
 27    109.00    52    0.109  0
 28    111.00    52    0.112  0
 29    106.00    52    0.062  0
# avg=115.867  timeouts=0  total_time=2.8s bailed=0
