# config=sol2 problem=p1_med horizon=40 budget=40.0s n_seeds=30
# columns: seed | reward | steps | time_s | timed_out
  0    159.00    40    0.020  0
  1    101.00    40    0.052  0
  2    156.00    40    0.028  0
  3     84.00    40    0.029  0
  4    108.00    40    0.045  0
  5    109.00    40    0.025  0
  6    104.00    40    0.026  0
  7    104.00    40    0.034  0
  8    103.00    40    0.052  0
  9    106.00    40    0.023  0
 10     88.00    40    0.051  0
 11    116.00    40    0.042  0
 12    102.00    40    0.067  0
 13     99.00    40    0.038  0
 14    107.00    40    0.042  0
 15    129.00    40    0.039  0
 16    118.00    40    0.027  0
 17     88.00    40    0.029  0
 18    112.00    40    0.033  0
 19    108.00    40    0.045  0
 20    139.00    40    0.034  0
 21    113.00    40    0.024  0
 22    125.00    40    0.044  0
 23    107.00    40    0.018  0
 24    113.00    40    0.027  0
 25    134.00    40    0.021  0
 26    103.00    40    0.039  0
 27     98.00    40    0.033  0
 28    103.00    40    0.046  0
 29     95.00    40    0.054  0
# avg=111.033  timeouts=0  total_time=1.1s bailed=0
