# config=sol2 problem=rl_hard horizon=40 budget=40.0s n_seeds=30
# columns: seed | reward | steps | time_s | timed_out
  0    450.00    40    0.002  0
  1    450.00    40    0.002  0
  2    500.00    40    0.002  0
  3    450.00    40    0.002  0
  4    400.00    40    0.002  0
  5    450.00    40    0.002  0
  6    450.00    40    0.002  0
  7    450.00    40    0.002  0
  8    500.00    40    0.002  0
  9    400.00    40    0.002  0
 10    450.00    40    0.002  0
 11    500.00    40    0.002  0
 12    450.00    40    0.002  0
 13    450.00    40    0.002  0
 14    500.00    40    0.002  0
 15    450.00    40    0.002  0
 16    450.00    40    0.002  0
 17    450.00    40    0.002  0
 18    450.00    40    0.002  0
 19    450.00    40    0.002  0
 20    450.00    40    0.002  0
 21    450.00    40    0.002  0
 22    450.00    40    0.002  0
 23    500.00    40    0.002  0
 24    500.00    40    0.002  0
 25    500.00    40    0.002  0
 26    450.00    40    0.002  0
 27    450.00    40    0.002  0
 28    450.00    40    0.002  0
 29    450.00    40    0.002  0
# avg=458.333  timeouts=0  total_time=0.1s bailed=0
