# config=sol1_h3 problem=e1_easy horizon=40 budget=40.0s n_seeds=30
# columns: seed | reward | steps | time_s | timed_out
  0    110.00    40    0.398  0
  1    106.00    40    0.400  0
  2    114.00    40    0.394  0
  3    104.00    40    0.397  0
  4    108.00    40    0.405  0
  5    112.00    40    0.383  0
  6    114.00    40    0.396  0
  7    110.00    40    0.383  0
  8    104.00    40    0.393  0
  9    120.00    40    0.387  0
 10    112.00    40    0.388  0
 11    112.00    40    0.378  0
 12    128.00    40    0.387  0
 13     95.00    40    0.377  0
 14    114.00    40    0.390  0
 15    114.00    40    0.379  0
 16    112.00    40    0.397  0
 17    120.00    40    0.387  0
 18    146.00    40    0.386  0
 19    142.00    40    0.380  0
 20    114.00    40    0.387  0
 21    114.00    40    0.379  0
 22    106.00    40    0.407  0
 23    110.00    40    0.378  0
 24    132.00    40    0.386  0
 25    100.00    40    0.384  0
 26    120.00    40    0.390  0
 27    116.00    40    0.383  0
 28    107.00    40    0.396  0
 29    110.00    40    0.400  0
# avg=114.200  timeouts=0  total_time=11.7s bailed=0
