# config=sol1_h3 problem=e1_hard horizon=40 budget=40.0s n_seeds=30
# columns: seed | reward | steps | time_s | timed_out
  0    110.00    40    0.390  0
  1    106.00    40    0.396  0
  2    112.00    40    0.384  0
  3    114.00    40    0.392  0
  4     97.00    40    0.387  0
  5    112.00    40    0.391  0
  6    114.00    40    0.383  0
  7    110.00    40    0.390  0
  8    104.00    40    0.383  0
  9    120.00    40    0.394  0
 10    108.00    40    0.378  0
 11    106.00    40    0.386  0
 12    107.00    40    0.368  0
 13     93.00    40    0.376  0
 14    114.00    40    0.380  0
 15    114.00    40    0.388  0
 16    112.00    40    0.386  0
 17    120.00    40    0.397  0
 18    122.00    40    0.384  0
 19    114.00    40    0.391  0
 20    108.00    40    0.387  0
 21    114.00    40    0.391  0
 22    106.00    40    0.408  0
 23    106.00    40    0.379  0
 24    112.00    40    0.383  0
 25    104.00    40    0.396  0
 26    116.00    40    0.387  0
 27    116.00    40    0.382  0
 28     96.00    40    0.399  0
 29    110.00    40    0.388  0
# avg=109.900  timeouts=0  total_time=11.7s bailed=0
