# config=sol1_h3 problem=e1_med horizon=40 budget=40.0s n_seeds=30
# columns: seed | reward | steps | time_s | timed_out
  0    110.00    40    0.405  0
  1    106.00    40    0.387  0
  2    112.00    40    0.399  0
  3    114.00    40    0.385  0
  4    102.00    40    0.399  0
  5    114.00    40    0.390  0
  6    118.00    40    0.405  0
  7    110.00    40    0.387  0
  8    112.00    40    0.400  0
  9    111.00    40    0.382  0
 10    108.00    40    0.383  0
 11    118.00    40    0.396  0
 12    107.00    40    0.378  0
 13     93.00    40    0.379  0
 14    114.00    40    0.385  0
 15    114.00    40    0.396  0
 16    105.00    40    0.371  0
 17    120.00    40    0.404  0
 18    116.00    40    0.381  0
 19    114.00    40    0.393  0
 20    108.00    40    0.392  0
 21    114.00    40    0.403  0
 22    106.00    40    0.427  0
 23    106.00    40    0.390  0
 24    116.00    40    0.405  0
 25    104.00    40    0.394  0
 26    116.00    40    0.400  0
 27    116.00    40    0.394  0
 28     92.00    40    0.408  0
 29    110.00    40    0.399  0
# avg=110.200  timeouts=0  total_time=11.9s bailed=0
