# config=sol1_h3 problem=e2_easy horizon=40 budget=40.0s n_seeds=30
# columns: seed | reward | steps | time_s | timed_out
  0     32.00    40    0.065  0
  1     32.00    40    0.062  0
  2     42.00    40    0.063  0
  3     32.00    40    0.061  0
  4     34.00    40    0.061  0
  5     34.00    40    0.060  0
  6     32.00    40    0.061  0
  7     38.00    40    0.060  0
  8     40.00    40    0.068  0
  9     44.00    40    0.060  0
 10     36.00    40    0.060  0
 11     40.00    40    0.061  0
 12     38.00    40    0.061  0
 13     42.00    40    0.061  0
 14     52.00    40    0.061  0
 15     28.00    40    0.063  0
 16     34.00    40    0.061  0
 17     36.00    40    0.062  0
 18     42.00    40    0.061  0
 19     42.00    40    0.061  0
 20     30.00    40    0.061  0
 21     40.00    40    0.061  0
 22     34.00    40    0.066  0
 23     42.00    40    0.061  0
 24     36.00    40    0.062  0
 25     36.00    40    0.062  0
 26     40.00    40    0.064  0
 27     36.00    40    0.061  0
 28     36.00    40    0.069  0
 29     26.00    40    0.062  0
# avg=36.867  timeouts=0  total_time=1.9s bailed=0
