# config=sol1_h3 problem=e2_hard horizon=44 budget=42.0s n_seeds=30
# columns: seed | reward | steps | time_s | timed_out
  0     36.00    44    0.066  0
  1     38.00    44    0.067  0
  2     44.00    44    0.066  0
  3     34.00    44    0.066  0
  4     32.00    44    0.067  0
  5     36.00    44    0.066  0
  6     38.00    44    0.066  0
  7     48.00    44    0.074  0
  8     44.00    44    0.065  0
  9     42.00    44    0.066  0
 10     54.00    44    0.065  0
 11     40.00    44    0.065  0
 12     40.00    44    0.065  0
 13     44.00    44    0.065  0
 14     56.00    44    0.065  0
 15     38.00    44    0.065  0
 16     36.00    44    0.064  0
 17     38.00    44    0.066  0
 18     40.00    44    0.065  0
 19     46.00    44    0.065  0
 20     32.00    44    0.065  0
 21     44.00    44    0.065  0
 22     34.00    44    0.066  0
 23     48.00    44    0.065  0
 24     38.00    44    0.065  0
 25     38.00    44    0.065  0
 26     52.00    44    0.066  0
 27     34.00    44    0.070  0
 28     36.00    44    0.067  0
 29     42.00    44    0.065  0
# avg=40.733  timeouts=0  total_time=2.0s bailed=0
