# config=sol1_h3 problem=e2_med horizon=40 budget=40.0s n_seeds=30
# columns: seed | reward | steps | time_s | timed_out
  0     32.00    40    0.061  0
  1     34.00    40    0.062  0
  2     42.00    40    0.061  0
  3     32.00    40    0.067  0
  4     26.00    40    0.063  0
  5     34.00    40    0.061  0
  6     32.00    40    0.061  0
  7     42.00    40    0.060  0
  8     40.00    40    0.060  0
  9     38.00    40    0.061  0
 10     48.00    40    0.061  0
 11     40.00    40    0.061  0
 12     38.00    40    0.062  0
 13     42.00    40    0.061  0
 14     52.00    40    0.060  0
 15     34.00    40    0.062  0
 16     34.00    40    0.060  0
 17     34.00    40    0.062  0
 18     34.00    40    0.060  0
 19     42.00    40    0.061  0
 20     28.00    40    0.061  0
 21     40.00    40    0.060  0
 22     32.00    40    0.062  0
 23     42.00    40    0.065  0
 24     34.00    40    0.060  0
 25     36.00    40    0.061  0
 26     46.00    40    0.062  0
 27     32.00    40    0.060  0
 28     36.00    40    0.063  0
 29     36.00    40    0.061  0
# avg=37.067  timeouts=0  total_time=1.8s bailed=0
