# config=sol1_h3 problem=e3_easy horizon=40 budget=40.0s n_seeds=30
# columns: seed | reward | steps | time_s | timed_out
  0      0.00    40    0.257  0
  1      0.00    40    0.259  0
  2      0.00    40    0.256  0
  3      5.00    40    0.268  0
  4     10.00    40    0.266  0
  5      0.00    40    0.246  0
  6      3.00    40    0.278  0
  7      5.00    40    0.259  0
  8      0.00    40    0.247  0
  9      0.00    40    0.247  0
 10      5.00    40    0.260  0
 11      3.00    40    0.262  0
 12      0.00    40    0.250  0
 13      5.00    40    0.260  0
 14      5.00    40    0.257  0
 15     10.00    40    0.262  0
 16      0.00    40    0.242  0
 17      0.00    40    0.247  0
 18      0.00    40    0.248  0
 19      0.00    40    0.245  0
 20     49.00    40    0.280  0
 21      3.00    40    0.262  0
 22     10.00    40    0.258  0
 23      0.00    40    0.247  0
 24      0.00    40    0.249  0
 25     12.00    40    0.266  0
 26      0.00    40    0.249  0
 27      0.00    40    0.251  0
 28      0.00    40    0.242  0
 29      0.00    40    0.250  0
# avg=4.167  timeouts=0  total_time=7.7s bailed=0
