# config=sol1_h3 problem=e3_hard horizon=70 budget=55.0s n_seeds=30
# columns: seed | reward | steps | time_s | timed_out
  0     10.00    70    0.316  0
  1      8.00    70    0.331  0
  2     19.00    70    0.361  0
  3      3.00    70    0.327  0
  4     16.00    70    0.336  0
  5      3.00    70    0.348  0
  6     15.00    70    0.327  0
  7     18.00    70    0.351  0
  8      3.00    70    0.327  0
  9     10.00    70    0.343  0
 10     11.00    70    0.359  0
 11      3.00    70    0.322  0
 12      5.00    70    0.323  0
 13      5.00    70    0.334  0
 14     10.00    70    0.352  0
 15      8.00    70    0.352  0
 16     18.00    70    0.372  0
 17      8.00    70    0.325  0
 18      8.00    70    0.326  0
 19      8.00    70    0.338  0
 20     13.00    70    0.368  0
 21     13.00    70    0.372  0
 22      8.00    70    0.320  0
 23     10.00    70    0.320  0
 24     10.00    70    0.345  0
 25      8.00    70    0.337  0
 26     18.00    70    0.331  0
 27      3.00    70    0.342  0
 28     10.00    70    0.355  0
 29      6.00    70    0.329  0
# avg=9.600  timeouts=0  total_time=10.2s bailed=0
