# config=sol1_h3 problem=e3_med horizon=45 budget=42.5s n_seeds=30
# columns: seed | reward | steps | time_s | timed_out
  0      3.00    45    0.270  0
  1      0.00    45    0.260  0
  2      5.00    45    0.268  0
  3      5.00    45    0.272  0
  4      3.00    45    0.275  0
  5      0.00    45    0.259  0
  6      8.00    45    0.270  0
  7      8.00    45    0.270  0
  8      0.00    45    0.256  0
  9      3.00    45    0.270  0
 10      0.00    45    0.248  0
 11      5.00    45    0.266  0
 12      8.00    45    0.274  0
 13      5.00    45    0.266  0
 14     10.00    45    0.266  0
 15      0.00    45    0.254  0
 16     10.00    45    0.270  0
 17     13.00    45    0.273  0
 18      0.00    45    0.255  0
 19      8.00    45    0.269  0
 20      0.00    45    0.251  0
 21      0.00    45    0.256  0
 22     10.00    45    0.267  0
 23      5.00    45    0.269  0
 24      8.00    45    0.267  0
 25     10.00    45    0.268  0
 26      8.00    45    0.271  0
 27     13.00    45    0.271  0
 28      8.00    45    0.269  0
 29     10.00    45    0.269  0
# avg=5.533  timeouts=0  total_time=8.0s bailed=0
