# config=sol1_h3 problem=e4_easy horizon=40 budget=40.0s n_seeds=30
# columns: seed | reward | steps | time_s | timed_out
  0    146.00    40    0.305  0
  1    136.00    40    0.302  0
  2    140.00    40    0.295  0
  3    130.00    40    0.293  0
  4    132.00    40    0.303  0
  5    132.00    40    0.297  0
  6    138.00    40    0.299  0
  7    140.00    40    0.296  0
  8    128.00    40    0.298  0
  9    148.00    40    0.304  0
 10    132.00    40    0.306  0
 11    136.00    40    0.299  0
 12    154.00    40    0.300  0
 13    146.00    40    0.304  0
 14    150.00    40    0.296  0
 15    138.00    40    0.301  0
 16    114.00    40    0.301  0
 17    130.00    40    0.296  0
 18    148.00    40    0.298  0
 19    144.00    40    0.296  0
 20    130.00    40    0.294  0
 21    136.00    40    0.302  0
 22    122.00    40    0.300  0
 23    144.00    40    0.295  0
 24    144.00    40    0.298  0
 25    140.00    40    0.297  0
 26    146.00    40    0.309  0
 27    140.00    40    0.296  0
 28    116.00    40    0.303  0
 29    124.00    40    0.313  0
# avg=136.800  timeouts=0  total_time=9.1s bailed=0
