# config=sol1_h3 problem=e4_hard horizon=40 budget=40.0s n_seeds=30
# columns: seed | reward | steps | time_s | timed_out
  0    136.00    40    0.298  0
  1    110.00    40    0.296  0
  2    146.00    40    0.292  0
  3    140.00    40    0.292  0
  4    108.00    40    0.301  0
  5    130.00    40    0.294  0
  6    144.00    40    0.308  0
  7    156.00    40    0.293  0
  8    134.00    40    0.296  0
  9    120.00    40    0.296  0
 10    158.00    40    0.297  0
 11    136.00    40    0.291  0
 12    136.00    40    0.300  0
 13    126.00    40    0.294  0
 14    158.00    40    0.289  0
 15    134.00    40    0.288  0
 16    114.00    40    0.293  0
 17    142.00    40    0.296  0
 18    134.00    40    0.292  0
 19    154.00    40    0.291  0
 20    138.00    40    0.292  0
 21    146.00    40    0.305  0
 22    130.00    40    0.295  0
 23    148.00    40    0.294  0
 24    148.00    40    0.292  0
 25    144.00    40    0.294  0
 26    156.00    40    0.297  0
 27    136.00    40    0.292  0
 28    118.00    40    0.301  0
 29    116.00    40    0.295  0
# avg=136.533  timeouts=0  total_time=8.9s bailed=0
