# config=sol1_h3 problem=e4_med horizon=40 budget=40.0s n_seeds=30
# columns: seed | reward | steps | time_s | timed_out
  0    140.00    40    0.311  0
  1    108.00    40    0.316  0
  2    144.00    40    0.309  0
  3    128.00    40    0.314  0
  4    116.00    40    0.323  0
  5    144.00    40    0.306  0
  6    148.00    40    0.314  0
  7    140.00    40    0.305  0
  8    138.00    40    0.311  0
  9    116.00    40    0.308  0
 10    134.00    40    0.315  0
 11    104.00    40    0.312  0
 12    108.00    40    0.298  0
 13    144.00    40    0.310  0
 14    118.00    40    0.315  0
 15    144.00    40    0.309  0
 16    114.00    40    0.313  0
 17    128.00    40    0.312  0
 18    148.00    40    0.312  0
 19    146.00    40    0.324  0
 20    136.00    40    0.315  0
 21    136.00    40    0.314  0
 22    126.00    40    0.310  0
 23    134.00    40    0.311  0
 24    146.00    40    0.309  0
 25    140.00    40    0.318  0
 26    122.00    40    0.311  0
 27    114.00    40    0.314  0
 28    120.00    40    0.316  0
 29    102.00    40    0.310  0
# avg=129.533  timeouts=0  total_time=9.4s bailed=0
