# config=sol1_h3 problem=e5_easy horizon=40 budget=40.0s n_seeds=30
# columns: seed | reward | steps | time_s | timed_out
  0     83.00    40    0.164  0
  1     95.00    40    0.152  0
  2     87.00    40    0.161  0
  3     77.00    40    0.159  0
  4     87.00    40    0.156  0
  5     89.00    40    0.161  0
  6     93.00    40    0.158  0
  7     79.00    40    0.151  0
  8     83.00    40    0.164  0
  9     89.00    40    0.160  0
 10     79.00    40    0.152  0
 11     91.00    40    0.163  0
 12     93.00    40    0.157  0
 13     76.00    40    0.154  0
 14     87.00    40    0.158  0
 15     83.00    40    0.163  0
 16     86.00    40    0.150  0
 17     83.00    40    0.157  0
 18     91.00    40    0.159  0
 19     83.00    40    0.154  0
 20     89.00    40    0.158  0
 21     81.00    40    0.160  0
 22     85.00    40    0.153  0
 23     89.00    40    0.158  0
 24     95.00    40    0.159  0
 25     75.00    40    0.154  0
 26     93.00    40    0.158  0
 27     85.00    40    0.161  0
 28     89.00    40    0.163  0
 29     91.00    40    0.155  0
# avg=86.200  timeouts=0  total_time=4.8s bailed=0
