# config=sol1_h3 problem=e5_hard horizon=52 budget=46.0s n_seeds=30
# columns: seed | reward | steps | time_s | timed_out
  0     40.00    52    0.199  0
  1     48.00    52    0.179  0
  2     44.00    52    0.176  0
  3      8.00    52    0.159  0
  4     48.00    52    0.177  0
  5     12.00    52    0.157  0
  6      6.00    52    0.160  0
  7      2.00    52    0.169  0
  8      7.00    52    0.179  0
  9     48.00    52    0.174  0
 10     40.00    52    0.171  0
 11     10.00    52    0.158  0
 12      7.00    52    0.179  0
 13      7.00    52    0.174  0
 14     54.00    52    0.177  0
 15     46.00    52    0.175  0
 16     86.00    52    0.188  0
 17     38.00    52    0.181  0
 18     46.00    52    0.177  0
 19     46.00    52    0.183  0
 20     82.00    52    0.181  0
 21     46.00    52    0.171  0
 22     80.00    52    0.187  0
 23     46.00    52    0.182  0
 24     96.00    52    0.169  0
 25     42.00    52    0.192  0
 26     52.00    52    0.184  0
 27     42.00    52    0.187  0
 28     49.00    52    0.188  0
 29     48.00    52    0.173  0
# avg=40.867  timeouts=0  total_time=5.3s bailed=0
