# config=sol1_h3 problem=e5_med horizon=40 budget=40.0s n_seeds=30
# columns: seed | reward | steps | time_s | timed_out
  0     93.00    40    0.149  0
  1     82.00    40    0.161  0
  2     81.00    40    0.157  0
  3     81.00    40    0.152  0
  4     82.00    40    0.159  0
  5     89.00    40    0.161  0
  6     93.00    40    0.152  0
  7     84.00    40    0.155  0
  8     80.00    40    0.157  0
  9     84.00    40    0.155  0
 10     77.00    40    0.157  0
 11     95.00    40    0.157  0
 12     82.00    40    0.155  0
 13     86.00    40    0.159  0
 14     89.00    40    0.157  0
 15     93.00    40    0.166  0
 16     88.00    40    0.149  0
 17     79.00    40    0.154  0
 18     99.00    40    0.158  0
 19     76.00    40    0.148  0
 20     83.00    40    0.159  0
 21     78.00    40    0.155  0
 22     83.00    40    0.151  0
 23     87.00    40    0.157  0
 24     95.00    40    0.159  0
 25     73.00    40    0.152  0
 26     86.00    40    0.155  0
 27     80.00    40    0.156  0
 28     82.00    40    0.153  0
 29     88.00    40    0.154  0
# avg=84.933  timeouts=0  total_time=4.7s bailed=0
