# config=sol1_h3 problem=m1_easy horizon=48 budget=44.0s n_seeds=30
# columns: seed | reward | steps | time_s | timed_out
  0      0.00    48    1.189  0
  1      0.00    48    1.115  0
  2     13.00    48    1.141  0
  3      6.00    48    1.125  0
  4      0.00    48    1.095  0
  5      0.00    48    1.117  0
  6      0.00    48    1.110  0
  7     11.00    48    1.126  0
  8      0.00    48    1.125  0
  9      8.00    48    1.130  0
 10      0.00    48    1.127  0
 11      0.00    48    1.109  0
 12      0.00    48    1.128  0
 13      0.00    48    1.133  0
 14      6.00    48    1.138  0
 15      0.00    48    1.155  0
 16      3.00    48    1.174  0
 17      8.00    48    1.167  0
 18      0.00    48    1.145  0
 19      0.00    48    1.173  0
 20      0.00    48    1.151  0
 21      0.00    48    1.154  0
 22      0.00    48    1.149  0
 23      0.00    48    1.173  0
 24      0.00    48    1.152  0
 25      0.00    48    1.167  0
 26      0.00    48    1.145  0
 27      0.00    48    1.165  0
 28      3.00    48    1.167  0
 29      0.00    48    1.147  0
# avg=1.933  timeouts=0  total_time=34.3s bailed=0
