# config=sol1_h3 problem=m1_hard horizon=70 budget=55.0s n_seeds=30
# columns: seed | reward | steps | time_s | timed_out
  0      0.00    70    1.198  0
  1      0.00    70    1.176  0
  2     13.00    70    1.272  0
  3      0.00    70    1.215  0
  4      3.00    70    1.257  0
  5      0.00    70    1.206  0
  6      0.00    70    1.253  0
  7      5.00    70    1.229  0
  8      0.00    70    1.185  0
  9      0.00    70    1.181  0
 10     10.00    70    1.247  0
 11      5.00    70    1.213  0
 12      0.00    70    1.189  0
 13      0.00    70    1.207  0
 14      0.00    70    1.191  0
 15      5.00    70    1.236  0
 16      0.00    70    1.171  0
 17     11.00    70    1.229  0
 18      0.00    70    1.215  0
 19      8.00    70    1.238  0
 20      0.00    70    1.168  0
 21     11.00    70    1.279  0
 22      5.00    70    1.245  0
 23      3.00    70    1.247  0
 24      0.00    70    1.187  0
 25      8.00    70    1.240  0
 26      0.00    70    1.217  0
 27      5.00    70    1.206  0
 28      0.00    70    1.196  0
 29     11.00    70    1.284  0
# avg=3.433  timeouts=0  total_time=36.6s bailed=0
