# config=sol1_h3 problem=m1_med horizon=60 budget=50.0s n_seeds=30
# columns: seed | reward | steps | time_s | timed_out
  0      8.00    60    1.148  0
  1      8.00    60    1.182  0
  2      5.00    60    1.198  0
  3      8.00    60    1.162  0
  4      5.00    60    1.165  0
  5      3.00    60    1.187  0
  6     16.00    60    1.168  0
  7      8.00    60    1.172  0
  8      8.00    60    1.173  0
  9      5.00    60    1.171  0
 10      5.00    60    1.168  0
 11     11.00    60    1.181  0
 12      3.00    60    1.173  0
 13      6.00    60    1.184  0
 14      8.00    60    1.186  0
 15      8.00    60    1.176  0
 16      3.00    60    1.154  0
 17      5.00    60    1.171  0
 18      8.00    60    1.185  0
 19      3.00    60    1.157  0
 20     13.00    60    1.162  0
 21     13.00    60    1.185  0
 22      3.00    60    1.154  0
 23      0.00    60    1.192  0
 24      3.00    60    1.176  0
 25      5.00    60    1.163  0
 26      8.00    60    1.186  0
 27      8.00    60    1.172  0
 28      0.00    60    1.170  0
 29      3.00    60    1.163  0
# avg=6.333  timeouts=0  total_time=35.2s bailed=0
