# config=sol1_h3 problem=m2_easy horizon=42 budget=41.0s n_seeds=30
# columns: seed | reward | steps | time_s | timed_out
  0      2.00    42    0.999  0
  1      8.00    42    0.971  0
  2      4.00    42    1.015  0
  3      2.00    42    1.027  0
  4      2.00    42    1.008  0
  5      8.00    42    0.997  0
  6      4.00    42    1.016  0
  7      2.00    42    1.024  0
  8      2.00    42    0.999  0
  9      6.00    42    0.991  0
 10      2.00    42    1.009  0
 11      4.00    42    1.004  0
 12      6.00    42    0.991  0
 13      2.00    42    0.997  0
 14      4.00    42    1.011  0
 15      4.00    42    1.006  0
 16      2.00    42    1.001  0
 17      2.00    42    1.023  0
 18      8.00    42    1.022  0
 19      4.00    42    1.004  0
 20      2.00    42    0.984  0
 21      4.00    42    1.023  0
 22      2.00    42    1.006  0
 23      2.00    42    0.995  0
 24      4.00    42    1.007  0
 25      2.00    42    1.010  0
 26      8.00    42    1.000  0
 27      4.00    42    0.987  0
 28      2.00    42    0.999  0
 29      6.00    42    1.015  0
# avg=3.800  timeouts=0  total_time=30.2s bailed=0
