# config=sol1_h3 problem=m2_hard horizon=70 budget=55.0s n_seeds=30
# columns: seed | reward | steps | time_s | timed_out
  0     12.00    70    1.183  0
  1     12.00    70    1.108  0
  2     13.00    70    1.169  0
  3     18.00    70    1.120  0
  4     12.00    70    1.135  0
  5     55.00    70    1.134  0
  6     24.00    70    1.182  0
  7     16.00    70    1.141  0
  8     24.00    70    1.144  0
  9      8.00    70    1.175  0
 10     10.00    70    1.123  0
 11     13.00    70    1.149  0
 12     21.00    70    1.179  0
 13     11.00    70    1.166  0
 14     17.00    70    1.120  0
 15      0.00    70    1.155  0
 16     27.00    70    1.144  0
 17     27.00    70    1.194  0
 18     12.00    70    1.157  0
 19     10.00    70    1.133  0
 20      9.00    70    1.144  0
 21      5.00    70    1.107  0
 22      7.00    70    1.132  0
 23      7.00    70    1.141  0
 24     17.00    70    1.170  0
 25     20.00    70    1.163  0
 26     15.00    70    1.184  0
 27     19.00    70    1.185  0
 28     32.00    70    1.202  0
 29     12.00    70    1.171  0
# avg=16.167  timeouts=0  total_time=34.7s bailed=0
