# config=sol1_h3 problem=m2_med horizon=52 budget=46.0s n_seeds=30
# columns: seed | reward | steps | time_s | timed_out
  0      2.00    52    1.029  0
  1      4.00    52    1.019  0
  2      4.00    52    1.021  0
  3      2.00    52    1.031  0
  4      6.00    52    1.016  0
  5      8.00    52    1.044  0
  6      4.00    52    1.008  0
  7      2.00    52    1.019  0
  8      2.00    52    1.039  0
  9      6.00    52    1.027  0
 10      2.00    52    1.023  0
 11      4.00    52    1.020  0
 12      4.00    52    1.017  0
 13      2.00    52    1.037  0
 14      4.00    52    1.012  0
 15      4.00    52    1.030  0
 16      2.00    52    1.025  0
 17      2.00    52    1.016  0
 18      8.00    52    1.017  0
 19      2.00    52    1.017  0
 20      2.00    52    1.008  0
 21      4.00    52    1.035  0
 22      2.00    52    1.003  0
 23      2.00    52    1.008  0
 24      4.00    52    1.032  0
 25      2.00    52    1.016  0
 26      8.00    52    1.018  0
 27      4.00    52    1.030  0
 28      2.00    52    1.010  0
 29      6.00    52    1.034  0
# avg=3.667  timeouts=0  total_time=30.7s bailed=0
