# config=sol1_h3 problem=m3_easy horizon=44 budget=42.0s n_seeds=30
# columns: seed | reward | steps | time_s | timed_out
  0     54.00    44    4.295  0
  1     56.00    44    4.136  0
  2     66.00    44    4.145  0
  3     56.00    44    4.168  0
  4     56.00    44    4.252  0
  5     54.00    44    4.269  0
  6     62.00    44    4.233  0
  7     52.00    44    4.256  0
  8     54.00    44    4.205  0
  9     54.00    44    4.208  0
 10     46.00    44    4.226  0
 11     50.00    44    4.248  0
 12     66.00    44    4.240  0
 13     44.00    44    4.228  0
 14     50.00    44    4.239  0
 15     64.00    44    4.237  0
 16     54.00    44    4.243  0
 17     68.00    44    4.236  0
 18     84.00    44    4.225  0
 19     54.00    44    4.235  0
 20     42.00    44    4.235  0
 21     54.00    44    4.236  0
 22     58.00    44    4.202  0
 23     60.00    44    4.232  0
 24     66.00    44    4.222  0
 25     50.00    44    4.248  0
 26     58.00    44    4.241  0
 27     62.00    44    4.252  0
 28     50.00    44    4.223  0
 29     62.00    44    4.249  0
# avg=56.867  timeouts=0  total_time=126.9s bailed=0
