# config=sol1_h3 problem=m3_hard horizon=70 budget=55.0s n_seeds=30
# columns: seed | reward | steps | time_s | timed_out
  0     70.00    70    4.269  0
  1     52.00    70    4.267  0
  2     56.00    70    4.295  0
  3     56.00    70    4.305  0
  4     56.00    70    4.302  0
  5     60.00    70    4.270  0
  6     58.00    70    4.303  0
  7     68.00    70    4.284  0
  8     64.00    70    4.298  0
  9     64.00    70    4.256  0
 10     50.00    70    4.273  0
 11     64.00    70    4.260  0
 12     52.00    70    4.272  0
 13     42.00    70    4.248  0
 14     52.00    70    4.261  0
 15     56.00    70    4.279  0
 16     54.00    70    4.272  0
 17     38.00    70    4.232  0
 18     58.00    70    4.257  0
 19     46.00    70    4.267  0
 20     64.00    70    4.261  0
 21     54.00    70    4.239  0
 22     56.00    70    4.256  0
 23     56.00    70    4.271  0
 24     60.00    70    4.330  0
 25     80.00    70    4.261  0
 26     52.00    70    4.263  0
 27     62.00    70    4.291  0
 28     48.00    70    4.295  0
 29     70.00    70    4.248  0
# avg=57.267  timeouts=0  total_time=128.2s bailed=0
