# config=sol1_h3 problem=m3_med horizon=55 budget=47.5s n_seeds=30
# columns: seed | reward | steps | time_s | timed_out
  0     62.00    55    4.285  0
  1     72.00    55    4.267  0
  2     78.00    55    4.282  0
  3     68.00    55    4.309  0
  4     60.00    55    4.280  0
  5     76.00    55    4.285  0
  6     76.00    55    4.250  0
  7     62.00    55    4.304  0
  8     72.00    55    4.298  0
  9     64.00    55    4.301  0
 10     54.00    55    4.295  0
 11     76.00    55    4.270  0
 12     64.00    55    4.293  0
 13     60.00    55    4.296  0
 14     62.00    55    4.283  0
 15     64.00    55    4.295  0
 16     58.00    55    4.286  0
 17     68.00    55    4.258  0
 18     76.00    55    4.287  0
 19     76.00    55    4.313  0
 20     58.00    55    4.285  0
 21     70.00    55    4.290  0
 22     78.00    55    4.259  0
 23     60.00    55    4.313  0
 24     74.00    55    4.293  0
 25     72.00    55    4.302  0
 26     66.00    55    4.291  0
 27     58.00    55    4.279  0
 28     78.00    55    4.290  0
 29     78.00    55    4.295  0
# avg=68.000  timeouts=0  total_time=128.7s bailed=0
