# config=sol1_h3 problem=m4_easy horizon=40 budget=40.0s n_seeds=30
# columns: seed | reward | steps | time_s | timed_out
  0    114.00    40    4.090  0
  1    100.00    40    4.096  0
  2    101.00    40    4.045  0
  3    102.00    40    4.091  0
  4     98.00    40    4.095  0
  5    106.00    40    4.087  0
  6    110.00    40    4.076  0
  7    106.00    40    4.078  0
  8    102.00    40    4.041  0
  9    116.00    40    4.047  0
 10    100.00    40    4.040  0
 11    103.00    40    4.056  0
 12    107.00    40    4.050  0
 13    110.00    40    4.074  0
 14    100.00    40    4.081  0
 15    104.00    40    4.116  0
 16    108.00    40    4.052  0
 17    108.00    40    4.118  0
 18    109.00    40    4.068  0
 19    111.00    40    4.082  0
 20    101.00    40    4.084  0
 21    106.00    40    4.100  0
 22    111.00    40    4.072  0
 23    113.00    40    4.071  0
 24    105.00    40    4.084  0
 25    107.00    40    4.053  0
 26    110.00    40    4.068  0
 27    111.00    40    4.084  0
 28    110.00    40    4.072  0
 29     96.00    40    4.059  0
# avg=106.167  timeouts=0  total_time=122.5s bailed=0
