# config=sol1_h3 problem=m4_hard horizon=64 budget=52.0s n_seeds=30
# columns: seed | reward | steps | time_s | timed_out
  0    105.00    64    4.476  0
  1    119.00    64    4.405  0
  2    113.00    64    4.454  0
  3    154.00    64    4.390  0
  4    125.00    64    4.456  0
  5    153.00    64    4.419  0
  6    117.00    64    4.426  0
  7    145.00    64    4.404  0
  8    147.00    64    4.412  0
  9    117.00    64    4.398  0
 10    119.00    64    4.416  0
 11    157.00    64    4.398  0
 12    121.00    64    4.412  0
 13    115.00    64    4.435  0
 14    163.00    64    4.398  0
 15    117.00    64    4.382  0
 16    119.00    64    4.377  0
 17    141.00    64    4.369  0
 18    115.00    64    4.420  0
 19    113.00    64    4.405  0
 20    117.00    64    4.398  0
 21    157.00    64    4.420  0
 22    101.00    64    4.436  0
 23    115.00    64    4.430  0
 24    108.00    64    4.431  0
 25    111.00    64    4.456  0
 26    171.00    64    4.408  0
 27    157.00    64    4.423  0
 28    115.00    64    4.439  0
 29    149.00    64    4.417  0
# avg=129.200  timeouts=0  total_time=132.8s bailed=0
