# config=sol1_h3 problem=m4_med horizon=40 budget=40.0s n_seeds=30
# columns: seed | reward | steps | time_s | timed_out
  0     96.00    40    4.280  0
  1    106.00    40    4.269  0
  2    100.00    40    4.212  0
  3     94.00    40    4.269  0
  4     70.00    40    4.211  0
  5    104.00    40    4.191  0
  6    104.00    40    4.193  0
  7     92.00    40    4.173  0
  8    100.00    40    4.190  0
  9     74.00    40    4.237  0
 10    104.00    40    4.191  0
 11    106.00    40    4.195  0
 12    106.00    40    4.173  0
 13     66.00    40    4.266  0
 14    102.00    40    4.188  0
 15    100.00    40    4.197  0
 16     70.00    40    4.182  0
 17     98.00    40    4.165  0
 18    112.00    40    4.212  0
 19    104.00    40    4.196  0
 20    102.00    40    4.212  0
 21     98.00    40    4.184  0
 22    104.00    40    4.201  0
 23    106.00    40    4.212  0
 24    115.00    40    4.170  0
 25     98.00    40    4.223  0
 26    112.00    40    4.160  0
 27    110.00    40    4.182  0
 28     56.00    40    4.219  0
 29     98.00    40    4.174  0
# avg=96.900  timeouts=0  total_time=126.4s bailed=0
