# config=sol1_h3 problem=m5_easy horizon=50 budget=45.0s n_seeds=30
# columns: seed | reward | steps | time_s | timed_out
  0      0.00    50    3.172  0
  1      0.00    50    3.167  0
  2      0.00    50    3.141  0
  3      0.00    50    3.161  0
  4      0.00    50    3.164  0
  5      0.00    50    3.154  0
  6      0.00    50    3.165  0
  7      0.00    50    3.138  0
  8      0.00    50    3.153  0
  9      0.00    50    3.127  0
 10      0.00    50    3.166  0
 11      0.00    50    3.158  0
 12      0.00    50    3.145  0
 13      0.00    50    3.139  0
 14      0.00    50    3.128  0
 15      0.00    50    3.127  0
 16      0.00    50    3.186  0
 17      0.00    50    3.168  0
 18      0.00    50    3.181  0
 19      0.00    50    3.185  0
 20      0.00    50    3.161  0
 21      0.00    50    3.159  0
 22      0.00    50    3.163  0
 23      0.00    50    3.173  0
 24      0.00    50    3.178  0
 25      0.00    50    3.168  0
 26      0.00    50    3.174  0
 27      0.00    50    3.145  0
 28      0.00    50    3.172  0
 29      0.00    50    3.180  0
# avg=0.000  timeouts=0  total_time=94.8s bailed=0
