# config=sol1_h3 problem=m5_hard horizon=70 budget=55.0s n_seeds=30
# columns: seed | reward | steps | time_s | timed_out
  0      8.00    70    3.418  0
  1     10.00    70    3.385  0
  2      0.00    70    3.312  0
  3      0.00    70    3.328  0
  4     10.00    70    3.406  0
  5     11.00    70    3.436  0
  6     10.00    70    3.434  0
  7      0.00    70    3.380  0
  8      0.00    70    3.358  0
  9      6.00    70    3.413  0
 10      4.00    70    3.362  0
 11      6.00    70    3.351  0
 12     10.00    70    3.417  0
 13      0.00    70    3.375  0
 14      0.00    70    3.336  0
 15      4.00    70    3.380  0
 16      0.00    70    3.342  0
 17      0.00    70    3.352  0
 18      8.00    70    3.392  0
 19      0.00    70    3.345  0
 20      0.00    70    3.342  0
 21      0.00    70    3.333  0
 22      0.00    70    3.348  0
 23      4.00    70    3.401  0
 24      4.00    70    3.386  0
 25     10.00    70    3.374  0
 26      9.00    70    3.370  0
 27      0.00    70    3.355  0
 28      8.00    70    3.372  0
 29      4.00    70    3.347  0
# avg=4.200  timeouts=0  total_time=101.2s bailed=0
