# config=sol1_h3 problem=m5_med horizon=62 budget=51.0s n_seeds=30
# columns: seed | reward | steps | time_s | timed_out
  0      0.00    62    3.245  0
  1      0.00    62    3.200  0
  2      0.00    62    3.216  0
  3      0.00    62    3.224  0
  4      0.00    62    3.212  0
  5      0.00    62    3.201  0
  6      0.00    62    3.216  0
  7      0.00    62    3.207  0
  8      0.00    62    3.224  0
  9      0.00    62    3.221  0
 10      0.00    62    3.203  0
 11      0.00    62    3.227  0
 12      0.00    62    3.217  0
 13      0.00    62    3.235  0
 14      0.00    62    3.257  0
 15      0.00    62    3.231  0
 16      0.00    62    3.238  0
 17      0.00    62    3.257  0
 18      0.00    62    3.253  0
 19      0.00    62    3.237  0
 20      0.00    62    3.212  0
 21      0.00    62    3.222  0
 22      0.00    62    3.234  0
 23      0.00    62    3.219  0
 24      0.00    62    3.233  0
 25      0.00    62    3.270  0
 26      0.00    62    3.233  0
 27      0.00    62    3.237  0
 28      0.00    62    3.220  0
 29      0.00    62    3.222  0
# avg=0.000  timeouts=0  total_time=96.8s bailed=0
