# config=sol1_h3 problem=p1_easy horizon=40 budget=40.0s n_seeds=30
# columns: seed | reward | steps | time_s | timed_out
  0    108.00    40    0.101  0
  1    101.00    40    0.111  0
  2    127.00    40    0.100  0
  3     99.00    40    0.103  0
  4    106.00    40    0.107  0
  5    106.00    40    0.100  0
  6    107.00    40    0.102  0
  7    111.00    40    0.112  0
  8    104.00    40    0.103  0
  9    118.00    40    0.104  0
 10    103.00    40    0.110  0
 11    103.00    40    0.101  0
 12     98.00    40    0.099  0
 13    113.00    40    0.109  0
 14     98.00    40    0.100  0
 15    127.00    40    0.099  0
 16    107.00    40    0.106  0
 17    108.00    40    0.101  0
 18    101.00    40    0.101  0
 19    110.00    40    0.104  0
 20     97.00    40    0.099  0
 21    116.00    40    0.099  0
 22     94.00    40    0.105  0
 23    115.00    40    0.101  0
 24     97.00    40    0.099  0
 25    102.00    40    0.105  0
 26    111.00    40    0.100  0
 27    119.00    40    0.099  0
 28    108.00    40    0.102  0
 29    101.00    40    0.100  0
# avg=107.167  timeouts=0  total_time=3.1s bailed=0
