# config=sol1_h3 problem=p1_hard horizon=52 budget=46.0s n_seeds=30
# columns: seed | reward | steps | time_s | timed_out
  0     58.00    52    0.118  0
  1     56.00    52    0.118  0
  2     67.00    52    0.119  0
  3     58.00    52    0.125  0
  4     62.00    52    0.120  0
  5     51.00    52    0.117  0
  6     70.00    52    0.119  0
  7     86.00    52    0.116  0
  8     54.00    52    0.124  0
  9     64.00    52    0.118  0
 10     86.00    52    0.117  0
 11     58.00    52    0.118  0
 12     64.00    52    0.117  0
 13     79.00    52    0.122  0
 14     88.00    52    0.117  0
 15     58.00    52    0.116  0
 16     57.00    52    0.117  0
 17     61.00    52    0.120  0
 18     52.00    52    0.116  0
 19     83.00    52    0.122  0
 20     56.00    52    0.117  0
 21     68.00    52    0.117  0
 22     51.00    52    0.117  0
 23     72.00    52    0.116  0
 24     70.00    52    0.122  0
 25     63.00    52    0.117  0
 26     83.00    52    0.117  0
 27     55.00    52    0.117  0
 28     64.00    52    0.120  0
 29     60.00    52    0.124  0
# avg=65.133  timeouts=0  total_time=3.6s bailed=0
