# config=sol1_h3 problem=p1_med horizon=40 budget=40.0s n_seeds=30
# columns: seed | reward | steps | time_s | timed_out
  0     40.00    40    0.098  0
  1     37.00    40    0.098  0
  2     52.00    40    0.103  0
  3     40.00    40    0.110  0
  4     41.00    40    0.108  0
  5     44.00    40    0.098  0
  6     50.00    40    0.112  0
  7     60.00    40    0.098  0
  8     49.00    40    0.098  0
  9     49.00    40    0.101  0
 10     71.00    40    0.104  0
 11     50.00    40    0.098  0
 12     54.00    40    0.098  0
 13     64.00    40    0.103  0
 14     77.00    40    0.097  0
 15     50.00    40    0.098  0
 16     45.00    40    0.103  0
 17     39.00    40    0.101  0
 18     37.00    40    0.098  0
 19     57.00    40    0.101  0
 20     38.00    40    0.099  0
 21     49.00    40    0.103  0
 22     44.00    40    0.098  0
 23     54.00    40    0.101  0
 24     47.00    40    0.099  0
 25     45.00    40    0.098  0
 26     61.00    40    0.099  0
 27     45.00    40    0.104  0
 28     50.00    40    0.109  0
 29     43.00    40    0.112  0
# avg=49.400  timeouts=0  total_time=3.1s bailed=0
