# config=random problem=m4_easy horizon=40 budget=40.0s n_seeds=30
# columns: seed | reward | steps | time_s | timed_out
  0      4.00    40    0.003  0
  1      0.00    40    0.001  0
  2      0.00    40    0.001  0
  3      2.00    40    0.001  0
  4      2.00    40    0.001  0
  5      0.00    40    0.001  0
  6      0.00    40    0.001  0
  7      0.00    40    0.001  0
  8      2.00    40    0.001  0
  9      0.00    40    0.001  0
 10      0.00    40    0.001  0
 11      4.00    40    0.001  0
 12      0.00    40    0.001  0
 13      0.00    40    0.001  0
 14      6.00    40    0.001  0
 15      0.00    40    0.001  0
 16      0.00    40    0.001  0
 17      0.00    40    0.001  0
 18      0.00    40    0.001  0
 19      4.00    40    0.001  0
 20      0.00    40    0.001  0
 21      0.00    40    0.001  0
 22      0.00    40    0.001  0
 23      0.00    40    0.001  0
 24      0.00    40    0.001  0
 25      0.00    40    0.001  0
 26      0.00    40    0.001  0
 27      0.00    40    0.001  0
 28      0.00    40    0.001  0
 29      0.00    40    0.001  0
# avg=0.800  timeouts=0  total_time=0.0s bailed=0
