# config=random problem=m4_hard horizon=64 budget=52.0s n_seeds=30
# columns: seed | reward | steps | time_s | timed_out
  0     12.00    64    0.002  0
  1      0.00    64    0.002  0
  2      0.00    64    0.002  0
  3      0.00    64    0.001  0
  4      0.00    64    0.001  0
  5      0.00    64    0.001  0
  6      4.00    64    0.001  0
  7      6.00    64    0.001  0
  8      0.00    64    0.001  0
  9      0.00    64    0.001  0
 10      7.00    64    0.001  0
 11      2.00    64    0.001  0
 12      0.00    64    0.001  0
 13      0.00    64    0.001  0
 14      0.00    64    0.001  0
 15      0.00    64    0.001  0
 16      0.00    64    0.001  0
 17      6.00    64    0.001  0
 18      0.00    64    0.001  0
 19      0.00    64    0.001  0
 20      0.00    64    0.001  0
 21      0.00    64    0.001  0
 22      0.00    64    0.001  0
 23      0.00    64    0.001  0
 24      0.00    64    0.001  0
 25      0.00    64    0.001  0
 26      0.00    64    0.001  0
 27      0.00    64    0.001  0
 28      0.00    64    0.001  0
 29      0.00    64    0.001  0
# avg=1.233  timeouts=0  total_time=0.0s bailed=0
