# config=random problem=rl_easy horizon=40 budget=40.0s n_seeds=30
# columns: seed | reward | steps | time_s | timed_out
  0      0.00    40    0.001  0
  1      2.00    40    0.001  0
  2     50.00    40    0.001  0
  3     51.00    40    0.001  0
  4      0.00    40    0.001  0
  5      1.00    40    0.001  0
  6      1.00    40    0.001  0
  7      0.00    40    0.001  0
  8      0.00    40    0.001  0
  9      0.00    40    0.001  0
 10      0.00    40    0.001  0
 11      0.00    40    0.001  0
 12      1.00    40    0.001  0
 13     51.00    40    0.001  0
 14      0.00    40    0.001  0
 15      1.00    40    0.001  0
 16     50.00    40    0.001  0
 17      0.00    40    0.001  0
 18    101.00    40    0.001  0
 19      0.00    40    0.001  0
 20      1.00    40    0.001  0
 21     50.00    40    0.001  0
 22      0.00    40    0.001  0
 23      0.00    40    0.001  0
 24      1.00    40    0.001  0
 25      0.00    40    0.001  0
 26     50.00    40    0.001  0
 27    100.00    40    0.001  0
 28      0.00    40    0.001  0
 29      0.00    40    0.001  0
# avg=17.033  timeouts=0  total_time=0.0s bailed=0
