# config=random problem=rl_hard horizon=40 budget=40.0s n_seeds=30
# columns: seed | reward | steps | time_s | timed_out
  0      1.00    40    0.001  0
  1      1.00    40    0.001  0
  2      2.00    40    0.001  0
  3      0.00    40    0.001  0
  4     50.00    40    0.001  0
  5      2.00    40    0.001  0
  6      0.00    40    0.001  0
  7      0.00    40    0.001  0
  8      1.00    40    0.001  0
  9     50.00    40    0.001  0
 10     50.00    40    0.001  0
 11      0.00    40    0.001  0
 12      1.00    40    0.001  0
 13     50.00    40    0.001  0
 14      1.00    40    0.001  0
 15    101.00    40    0.001  0
 16      0.00    40    0.001  0
 17      2.00    40    0.001  0
 18     50.00    40    0.001  0
 19      0.00    40    0.001  0
 20      1.00    40    0.001  0
 21      0.00    40    0.001  0
 22     50.00    40    0.001  0
 23      0.00    40    0.001  0
 24      0.00    40    0.001  0
 25      0.00    40    0.001  0
 26      0.00    40    0.001  0
 27      0.00    40    0.001  0
 28      0.00    40    0.001  0
 29      0.00    40    0.001  0
# avg=13.767  timeouts=0  total_time=0.0s bailed=0
