# config=sol1_h5 problem=e1_easy horizon=40 budget=40.0s n_seeds=30
# columns: seed | reward | steps | time_s | timed_out
  0    110.00    40    3.048  0
  1    106.00    40    2.858  0
  2    110.00    40    2.936  0
  3    104.00    40    2.974  0
  4    108.00    40    3.009  0
  5    112.00    40    2.915  0
  6    112.00    40    2.995  0
  7    104.00    40    2.964  0
  8    102.00    40    2.956  0
  9    120.00    40    2.864  0
 10    112.00    40    2.860  0
 11    112.00    40    2.925  0
 12    128.00    40    2.994  0
 13     95.00    40    2.788  0
 14    120.00    40    2.904  0
 15    114.00    40    2.880  0
 16    112.00    40    2.907  0
 17    104.00    40    3.712  0
 18    146.00    40    2.994  0
 19    142.00    40    2.964  0
 20    112.00    40    2.897  0
 21    114.00    40    2.925  0
 22    106.00    40    3.252  0
 23    110.00    40    2.965  0
 24    132.00    40    2.981  0
 25    100.00    40    2.965  0
 26    120.00    40    2.928  0
 27    112.00    40    2.916  0
 28    112.00    40    3.771  0
 29    110.00    40    2.882  0
# avg=113.367  timeouts=0  total_time=90.5s bailed=0
