# config=sol1_h5 problem=e1_hard horizon=40 budget=40.0s n_seeds=30
# columns: seed | reward | steps | time_s | timed_out
  0    110.00    40    3.016  0
  1    106.00    40    2.832  0
  2    114.00    40    2.894  0
  3    114.00    40    2.847  0
  4     97.00    40    2.975  0
  5    112.00    40    2.880  0
  6    112.00    40    2.977  0
  7    104.00    40    2.908  0
  8    102.00    40    2.926  0
  9    120.00    40    2.835  0
 10    108.00    40    2.790  0
 11    108.00    40    2.845  0
 12    107.00    40    2.712  0
 13     93.00    40    2.788  0
 14    120.00    40    2.886  0
 15    114.00    40    2.877  0
 16    112.00    40    2.968  0
 17    110.00    40    3.575  0
 18    122.00    40    2.911  0
 19    114.00    40    2.978  0
 20    110.00    40    3.001  0
 21    114.00    40    2.897  0
 22    106.00    40    3.223  0
 23    106.00    40    2.806  0
 24    112.00    40    2.837  0
 25    104.00    40    2.835  0
 26    116.00    40    2.795  0
 27    112.00    40    2.834  0
 28    107.00    40    3.637  0
 29    110.00    40    2.844  0
# avg=109.867  timeouts=0  total_time=88.7s bailed=0
