# config=sol1_h5 problem=e1_med horizon=40 budget=40.0s n_seeds=30
# columns: seed | reward | steps | time_s | timed_out
  0    110.00    40    2.965  0
  1    106.00    40    2.824  0
  2    112.00    40    2.807  0
  3    114.00    40    3.263  0
  4    102.00    40    3.343  0
  5    114.00    40    3.108  0
  6    118.00    40    3.109  0
  7    104.00    40    2.904  0
  8    112.00    40    2.918  0
  9    111.00    40    2.671  0
 10    108.00    40    2.703  0
 11    118.00    40    2.736  0
 12    107.00    40    2.630  0
 13     93.00    40    2.714  0
 14    120.00    40    2.803  0
 15    114.00    40    2.758  0
 16    105.00    40    2.772  0
 17    110.00    40    3.455  0
 18    116.00    40    2.829  0
 19    114.00    40    2.938  0
 20    110.00    40    2.919  0
 21    114.00    40    2.837  0
 22    106.00    40    3.200  0
 23    106.00    40    2.862  0
 24    116.00    40    2.924  0
 25    104.00    40    2.851  0
 26    116.00    40    2.770  0
 27    112.00    40    2.875  0
 28     92.00    40    3.015  0
 29    110.00    40    2.829  0
# avg=109.800  timeouts=0  total_time=87.9s bailed=0
