# config=sol1_h5 problem=e2_easy horizon=40 budget=40.0s n_seeds=30
# columns: seed | reward | steps | time_s | timed_out
  0     99.00    40    0.249  0
  1     93.00    40    0.256  0
  2     95.00    40    0.244  0
  3     99.00    40    0.253  0
  4     95.00    40    0.249  0
  5     87.00    40    0.247  0
  6    103.00    40    0.241  0
  7    105.00    40    0.242  0
  8     95.00    40    0.249  0
  9    109.00    40    0.241  0
 10    101.00    40    0.244  0
 11    105.00    40    0.245  0
 12    101.00    40    0.251  0
 13     93.00    40    0.239  0
 14     89.00    40    0.252  0
 15     91.00    40    0.240  0
 16     95.00    40    0.256  0
 17     95.00    40    0.243  0
 18     95.00    40    0.249  0
 19     95.00    40    0.245  0
 20     87.00    40    0.243  0
 21     93.00    40    0.251  0
 22     87.00    40    0.243  0
 23     87.00    40    0.250  0
 24     99.00    40    0.245  0
 25     99.00    40    0.249  0
 26     97.00    40    0.243  0
 27     97.00    40    0.251  0
 28     87.00    40    0.251  0
 29     99.00    40    0.247  0
# avg=95.733  timeouts=0  total_time=7.4s bailed=0
