# config=sol1_h5 problem=e2_hard horizon=44 budget=42.0s n_seeds=30
# columns: seed | reward | steps | time_s | timed_out
  0     56.00    44    0.257  0
  1     91.00    44    0.256  0
  2     62.00    44    0.265  0
  3     68.00    44    0.255  0
  4     68.00    44    0.301  0
  5     91.00    44    0.262  0
  6     89.00    44    0.266  0
  7     78.00    44    0.255  0
  8     70.00    44    0.270  0
  9     76.00    44    0.263  0
 10     68.00    44    0.257  0
 11     72.00    44    0.265  0
 12     72.00    44    0.265  0
 13     33.00    44    0.262  0
 14     72.00    44    0.274  0
 15     33.00    44    0.250  0
 16     76.00    44    0.263  0
 17     66.00    44    0.246  0
 18     68.00    44    0.259  0
 19     68.00    44    0.245  0
 20     93.00    44    0.266  0
 21     89.00    44    0.266  0
 22     68.00    44    0.271  0
 23     66.00    44    0.251  0
 24     68.00    44    0.260  0
 25     91.00    44    0.263  0
 26     74.00    44    0.258  0
 27     72.00    44    0.272  0
 28     72.00    44    0.249  0
 29     72.00    44    0.280  0
# avg=71.400  timeouts=0  total_time=7.9s bailed=0
