# config=sol1_h5 problem=e2_med horizon=40 budget=40.0s n_seeds=30
# columns: seed | reward | steps | time_s | timed_out
  0     95.00    40    0.250  0
  1     89.00    40    0.244  0
  2    101.00    40    0.249  0
  3     97.00    40    0.247  0
  4     70.00    40    0.256  0
  5     99.00    40    0.243  0
  6     93.00    40    0.253  0
  7    105.00    40    0.244  0
  8     93.00    40    0.244  0
  9     99.00    40    0.248  0
 10    103.00    40    0.243  0
 11     99.00    40    0.253  0
 12     95.00    40    0.241  0
 13     91.00    40    0.259  0
 14     89.00    40    0.248  0
 15     91.00    40    0.246  0
 16     95.00    40    0.255  0
 17     97.00    40    0.249  0
 18     99.00    40    0.244  0
 19     95.00    40    0.248  0
 20     85.00    40    0.247  0
 21     87.00    40    0.255  0
 22     87.00    40    0.244  0
 23     93.00    40    0.242  0
 24     93.00    40    0.248  0
 25     81.00    40    0.244  0
 26     99.00    40    0.248  0
 27     89.00    40    0.240  0
 28     89.00    40    0.260  0
 29     99.00    40    0.248  0
# avg=93.233  timeouts=0  total_time=7.5s bailed=0
