# config=sol1_h5 problem=e3_easy horizon=40 budget=40.0s n_seeds=30
# columns: seed | reward | steps | time_s | timed_out
  0     69.00    40    0.820  0
  1     55.00    40    0.789  0
  2     68.00    40    0.775  0
  3     64.00    40    0.756  0
  4     69.00    40    0.812  0
  5     58.00    40    0.779  0
  6     63.00    40    0.784  0
  7     64.00    40    0.766  0
  8     60.00    40    0.827  0
  9     75.00    40    0.777  0
 10     75.00    40    0.830  0
 11     69.00    40    0.780  0
 12     70.00    40    0.834  0
 13     67.00    40    0.785  0
 14     68.00    40    0.775  0
 15     65.00    40    0.772  0
 16     68.00    40    0.789  0
 17     68.00    40    0.783  0
 18     63.00    40    0.779  0
 19     56.00    40    0.827  0
 20     66.00    40    0.832  0
 21     55.00    40    0.839  0
 22     63.00    40    0.788  0
 23     67.00    40    0.833  0
 24     57.00    40    0.836  0
 25     62.00    40    0.786  0
 26     67.00    40    0.786  0
 27     62.00    40    0.814  0
 28     55.00    40    0.775  0
 29     60.00    40    0.764  0
# avg=64.267  timeouts=0  total_time=24.1s bailed=0
