# config=sol1_h5 problem=e3_hard horizon=70 budget=55.0s n_seeds=30
# columns: seed | reward | steps | time_s | timed_out
  0     37.00    70    1.326  0
  1     64.00    70    1.322  0
  2     54.00    70    1.323  0
  3     49.00    70    1.332  0
  4     41.00    70    1.330  0
  5     58.00    70    1.325  0
  6     47.00    70    1.335  0
  7     54.00    70    1.332  0
  8     35.00    70    1.349  0
  9     43.00    70    1.343  0
 10     44.00    70    1.329  0
 11     55.00    70    1.347  0
 12     56.00    70    1.321  0
 13     46.00    70    1.371  0
 14     45.00    70    1.342  0
 15     41.00    70    1.348  0
 16     42.00    70    1.325  0
 17     48.00    70    1.344  0
 18     41.00    70    1.347  0
 19     37.00    70    1.339  0
 20     40.00    70    1.344  0
 21     47.00    70    1.341  0
 22     55.00    70    1.342  0
 23     45.00    70    1.327  0
 24     48.00    70    1.343  0
 25     59.00    70    1.343  0
 26     45.00    70    1.355  0
 27     56.00    70    1.343  0
 28     58.00    70    1.372  0
 29     42.00    70    1.361  0
# avg=47.733  timeouts=0  total_time=40.3s bailed=0
