# config=sol1_h5 problem=e3_med horizon=45 budget=42.5s n_seeds=30
# columns: seed | reward | steps | time_s | timed_out
  0     71.00    45    0.842  0
  1     65.00    45    0.809  0
  2    112.00    45    0.797  0
  3    102.00    45    0.850  0
  4     55.00    45    0.839  0
  5     94.00    45    0.788  0
  6     76.00    45    0.928  0
  7     96.00    45    0.908  0
  8     54.00    45    0.891  0
  9     66.00    45    0.904  0
 10     61.00    45    0.878  0
 11     54.00    45    0.880  0
 12     60.00    45    0.870  0
 13     74.00    45    0.855  0
 14     60.00    45    0.840  0
 15     67.00    45    0.841  0
 16     70.00    45    0.847  0
 17    116.00    45    0.901  0
 18     62.00    45    0.849  0
 19     74.00    45    0.891  0
 20    106.00    45    0.831  0
 21     66.00    45    0.815  0
 22    104.00    45    0.806  0
 23     91.00    45    0.824  0
 24     63.00    45    0.808  0
 25    109.00    45    0.824  0
 26     71.00    45    0.783  0
 27     66.00    45    0.831  0
 28     65.00    45    0.813  0
 29     61.00    45    0.819  0
# avg=76.367  timeouts=0  total_time=25.5s bailed=0
