# config=sol1_h5 problem=e4_easy horizon=40 budget=40.0s n_seeds=30
# columns: seed | reward | steps | time_s | timed_out
  0    146.00    40    2.455  0
  1    136.00    40    2.455  0
  2    140.00    40    2.410  0
  3    130.00    40    2.400  0
  4    132.00    40    2.524  0
  5    132.00    40    2.415  0
  6    138.00    40    2.454  0
  7    140.00    40    2.388  0
  8    128.00    40    2.391  0
  9    148.00    40    2.468  0
 10    132.00    40    2.382  0
 11    136.00    40    2.367  0
 12    154.00    40    2.358  0
 13    146.00    40    2.433  0
 14    150.00    40    2.385  0
 15    138.00    40    2.407  0
 16    114.00    40    2.445  0
 17    130.00    40    2.411  0
 18    148.00    40    2.368  0
 19    144.00    40    2.406  0
 20    130.00    40    2.359  0
 21    136.00    40    2.407  0
 22    122.00    40    2.396  0
 23    144.00    40    2.371  0
 24    144.00    40    2.390  0
 25    140.00    40    2.378  0
 26    146.00    40    2.411  0
 27    140.00    40    2.382  0
 28    120.00    40    2.356  0
 29    124.00    40    2.410  0
# avg=136.933  timeouts=0  total_time=72.6s bailed=0
