# config=sol1_h5 problem=e4_hard horizon=40 budget=40.0s n_seeds=30
# columns: seed | reward | steps | time_s | timed_out
  0    136.00    40    2.183  0
  1    110.00    40    2.180  0
  2    146.00    40    2.124  0
  3    140.00    40    2.123  0
  4    108.00    40    2.183  0
  5    130.00    40    2.181  0
  6    144.00    40    2.204  0
  7    156.00    40    2.157  0
  8    134.00    40    2.121  0
  9    120.00    40    2.115  0
 10    158.00    40    2.129  0
 11    136.00    40    2.113  0
 12    136.00    40    2.183  0
 13    126.00    40    2.176  0
 14    158.00    40    2.271  0
 15    134.00    40    2.145  0
 16    114.00    40    2.214  0
 17    142.00    40    2.234  0
 18    134.00    40    2.221  0
 19    154.00    40    2.160  0
 20    138.00    40    2.153  0
 21    146.00    40    2.221  0
 22    130.00    40    2.189  0
 23    148.00    40    2.175  0
 24    148.00    40    2.142  0
 25    144.00    40    2.229  0
 26    156.00    40    2.564  0
 27    136.00    40    2.519  0
 28    118.00    40    2.478  0
 29    116.00    40    2.324  0
# avg=136.533  timeouts=0  total_time=66.8s bailed=0
