# config=sol1_h5 problem=e4_med horizon=40 budget=40.0s n_seeds=30
# columns: seed | reward | steps | time_s | timed_out
  0    110.00    40    2.253  0
  1    110.00    40    2.618  0
  2    144.00    40    2.545  0
  3    140.00    40    2.500  0
  4    108.00    40    2.494  0
  5    134.00    40    2.476  0
  6    138.00    40    2.347  0
  7    156.00    40    2.241  0
  8    134.00    40    2.190  0
  9    120.00    40    2.161  0
 10    116.00    40    2.194  0
 11    136.00    40    2.189  0
 12    108.00    40    2.158  0
 13    126.00    40    2.245  0
 14    144.00    40    2.165  0
 15    134.00    40    2.183  0
 16    122.00    40    2.253  0
 17    142.00    40    2.283  0
 18    134.00    40    2.260  0
 19    154.00    40    2.212  0
 20    138.00    40    2.223  0
 21    146.00    40    2.276  0
 22    130.00    40    2.230  0
 23    148.00    40    2.219  0
 24    148.00    40    2.185  0
 25    144.00    40    2.250  0
 26    156.00    40    2.292  0
 27    106.00    40    2.221  0
 28    118.00    40    2.246  0
 29    116.00    40    2.223  0
# avg=132.000  timeouts=0  total_time=68.7s bailed=0
