# config=sol1_h5 problem=e5_easy horizon=40 budget=40.0s n_seeds=30
# columns: seed | reward | steps | time_s | timed_out
  0     96.00    40    0.862  0
  1    101.00    40    0.861  0
  2     92.00    40    0.860  0
  3     90.00    40    0.862  0
  4     85.00    40    0.910  0
  5     92.00    40    0.865  0
  6     96.00    40    0.852  0
  7     92.00    40    0.866  0
  8     81.00    40    0.860  0
  9     96.00    40    0.857  0
 10     94.00    40    0.880  0
 11     94.00    40    0.859  0
 12     98.00    40    0.862  0
 13     81.00    40    0.901  0
 14     98.00    40    0.878  0
 15     90.00    40    0.887  0
 16     83.00    40    0.854  0
 17     92.00    40    0.848  0
 18     92.00    40    0.859  0
 19     90.00    40    0.859  0
 20     96.00    40    0.873  0
 21     90.00    40    0.846  0
 22     96.00    40    0.849  0
 23     77.00    40    0.867  0
 24     92.00    40    0.875  0
 25     90.00    40    0.850  0
 26     94.00    40    0.873  0
 27     89.00    40    0.852  0
 28     85.00    40    0.863  0
 29     87.00    40    0.861  0
# avg=90.967  timeouts=0  total_time=26.1s bailed=0
