# config=sol1_h5 problem=e5_hard horizon=52 budget=46.0s n_seeds=30
# columns: seed | reward | steps | time_s | timed_out
  0     39.00    52    0.772  0
  1     35.00    52    0.777  0
  2     30.00    52    0.761  0
  3     30.00    52    0.776  0
  4     35.00    52    0.832  0
  5     33.00    52    0.796  0
  6     41.00    52    0.780  0
  7     32.00    52    0.812  0
  8     41.00    52    0.780  0
  9     35.00    52    0.808  0
 10     32.00    52    0.763  0
 11     39.00    52    0.803  0
 12     26.00    52    0.800  0
 13     28.00    52    0.770  0
 14     39.00    52    0.820  0
 15     34.00    52    0.805  0
 16     31.00    52    0.753  0
 17     35.00    52    0.777  0
 18     49.00    52    0.792  0
 19     37.00    52    0.807  0
 20     35.00    52    0.788  0
 21     37.00    52    0.764  0
 22     41.00    52    0.795  0
 23     26.00    52    0.792  0
 24     41.00    52    0.790  0
 25     39.00    52    0.794  0
 26     37.00    52    0.780  0
 27     41.00    52    0.790  0
 28     33.00    52    0.848  0
 29     45.00    52    0.793  0
# avg=35.867  timeouts=0  total_time=23.8s bailed=0
