# config=sol1_h5 problem=e5_med horizon=40 budget=40.0s n_seeds=30
# columns: seed | reward | steps | time_s | timed_out
  0     95.00    40    0.879  0
  1     87.00    40    0.861  0
  2     91.00    40    0.856  0
  3     91.00    40    0.850  0
  4     78.00    40    0.881  0
  5     91.00    40    0.873  0
  6     95.00    40    0.873  0
  7    101.00    40    0.898  0
  8     87.00    40    0.895  0
  9     93.00    40    0.858  0
 10     79.00    40    0.886  0
 11     89.00    40    0.894  0
 12     95.00    40    0.877  0
 13     95.00    40    0.879  0
 14     77.00    40    0.868  0
 15     85.00    40    0.890  0
 16     85.00    40    0.852  0
 17     89.00    40    0.857  0
 18    101.00    40    0.864  0
 19     89.00    40    0.894  0
 20     89.00    40    0.876  0
 21     85.00    40    0.858  0
 22     87.00    40    0.878  0
 23     87.00    40    0.873  0
 24     93.00    40    0.859  0
 25     87.00    40    0.876  0
 26     97.00    40    0.895  0
 27     91.00    40    0.899  0
 28     88.00    40    0.934  0
 29     77.00    40    0.879  0
# avg=89.133  timeouts=0  total_time=26.5s bailed=0
