# config=sol1_h5 problem=m1_easy horizon=48 budget=44.0s n_seeds=30
# columns: seed | reward | steps | time_s | timed_out
  0     73.00    48    1.700  0
  1     79.00    48    1.654  0
  2     81.00    48    1.685  0
  3     63.00    48    1.651  0
  4     83.00    48    1.692  0
  5     75.00    48    1.689  0
  6     63.00    48    1.687  0
  7     72.00    48    1.685  0
  8     75.00    48    1.673  0
  9     79.00    48    1.680  0
 10     75.00    48    1.661  0
 11     62.00    48    1.666  0
 12     83.00    48    1.660  0
 13     82.00    48    1.683  0
 14     75.00    48    1.661  0
 15     79.00    48    1.670  0
 16     70.00    48    1.697  0
 17     73.00    48    1.672  0
 18     83.00    48    1.682  0
 19     79.00    48    1.657  0
 20     77.00    48    1.669  0
 21     67.00    48    1.689  0
 22     77.00    48    1.673  0
 23     67.00    48    1.638  0
 24     72.00    48    1.666  0
 25     77.00    48    1.699  0
 26     80.00    48    1.668  0
 27     75.00    48    1.691  0
 28     75.00    48    1.666  0
 29     75.00    48    1.685  0
# avg=74.867  timeouts=0  total_time=50.4s bailed=0
