# config=sol1_h5 problem=m1_hard horizon=70 budget=55.0s n_seeds=30
# columns: seed | reward | steps | time_s | timed_out
  0     69.00    70    1.935  0
  1     24.00    70    1.814  0
  2     54.00    70    1.792  0
  3     11.00    70    1.956  0
  4     10.00    70    1.887  0
  5     71.00    70    1.885  0
  6     69.00    70    1.989  0
  7     67.00    70    1.981  0
  8     11.00    70    1.743  0
  9     14.00    70    1.804  0
 10     16.00    70    2.137  0
 11     11.00    70    1.985  0
 12     69.00    70    1.802  0
 13     19.00    70    1.889  0
 14     73.00    70    2.016  0
 15     14.00    70    1.921  0
 16     61.00    70    1.868  0
 17      8.00    70    1.795  0
 18     22.00    70    2.136  0
 19     61.00    70    2.171  0
 20     75.00    70    1.940  0
 21     64.00    70    2.098  0
 22     72.00    70    1.871  0
 23     75.00    70    1.896  0
 24     75.00    70    1.876  0
 25     69.00    70    1.852  0
 26     34.00    70    1.952  0
 27     64.00    70    1.759  0
 28     66.00    70    1.771  0
 29     67.00    70    2.105  0
# avg=47.167  timeouts=0  total_time=57.8s bailed=0
