# config=sol1_h5 problem=m1_med horizon=60 budget=50.0s n_seeds=30
# columns: seed | reward | steps | time_s | timed_out
  0    125.00    60    1.775  0
  1    116.00    60    1.783  0
  2    125.00    60    1.744  0
  3    109.00    60    1.776  0
  4     70.00    60    1.816  0
  5    125.00    60    1.765  0
  6     88.00    60    1.803  0
  7    125.00    60    1.745  0
  8    115.00    60    1.767  0
  9     77.00    60    1.845  0
 10     73.00    60    1.750  0
 11    126.00    60    1.799  0
 12     80.00    60    1.806  0
 13     73.00    60    1.826  0
 14     83.00    60    1.768  0
 15    127.00    60    1.806  0
 16    129.00    60    1.792  0
 17    118.00    60    1.782  0
 18     80.00    60    1.775  0
 19    115.00    60    1.787  0
 20    113.00    60    1.794  0
 21    122.00    60    1.830  0
 22     90.00    60    1.789  0
 23    118.00    60    1.764  0
 24    110.00    60    1.768  0
 25    128.00    60    1.815  0
 26     85.00    60    1.779  0
 27     69.00    60    1.799  0
 28     75.00    60    1.791  0
 29     67.00    60    1.786  0
# avg=101.867  timeouts=0  total_time=53.8s bailed=0
