# config=sol1_h5 problem=m2_easy horizon=42 budget=41.0s n_seeds=30
# columns: seed | reward | steps | time_s | timed_out
  0     38.00    42    1.829  0
  1     40.00    42    1.803  0
  2     36.00    42    1.821  0
  3     34.00    42    1.840  0
  4     46.00    42    1.867  0
  5     36.00    42    1.825  0
  6     46.00    42    1.801  0
  7     44.00    42    1.802  0
  8     38.00    42    1.821  0
  9     40.00    42    1.854  0
 10     34.00    42    1.819  0
 11     38.00    42    1.836  0
 12     46.00    42    1.805  0
 13     26.00    42    1.868  0
 14     34.00    42    1.850  0
 15     48.00    42    1.832  0
 16     30.00    42    1.825  0
 17     44.00    42    1.797  0
 18     62.00    42    1.814  0
 19     38.00    42    1.805  0
 20     38.00    42    1.814  0
 21     34.00    42    1.857  0
 22     42.00    42    1.868  0
 23     38.00    42    1.833  0
 24     42.00    42    1.817  0
 25     34.00    42    1.821  0
 26     42.00    42    1.829  0
 27     46.00    42    1.820  0
 28     34.00    42    1.853  0
 29     46.00    42    1.833  0
# avg=39.800  timeouts=0  total_time=55.0s bailed=0
