# config=sol1_h5 problem=m2_hard horizon=70 budget=55.0s n_seeds=30
# columns: seed | reward | steps | time_s | timed_out
  0     31.00    70    2.721  0
  1     45.00    70    3.265  0
  2     32.00    70    3.033  0
  3     58.00    70    2.770  0
  4     35.00    70    3.134  0
  5     43.00    70    3.066  0
  6     48.00    70    3.090  0
  7     38.00    70    3.059  0
  8     59.00    70    2.854  0
  9     46.00    70    3.033  0
 10     48.00    70    3.093  0
 11     55.00    70    2.980  0
 12     52.00    70    3.158  0
 13     47.00    70    3.196  0
 14     42.00    70    2.745  0
 15     36.00    70    3.085  0
 16     45.00    70    3.231  0
 17     37.00    70    3.066  0
 18     39.00    70    3.149  0
 19     27.00    70    3.072  0
 20     33.00    70    2.925  0
 21     38.00    70    3.302  0
 22     37.00    70    2.826  0
 23     51.00    70    3.219  0
 24     47.00    70    3.230  0
 25     37.00    70    2.882  0
 26     23.00    70    2.701  0
 27     44.00    70    3.021  0
 28     45.00    70    3.231  0
 29     51.00    70    3.112  0
# avg=42.300  timeouts=0  total_time=91.7s bailed=0
