# config=sol1_h5 problem=m2_med horizon=52 budget=46.0s n_seeds=30
# columns: seed | reward | steps | time_s | timed_out
  0     34.00    52    2.059  0
  1     50.00    52    2.083  0
  2     40.00    52    2.082  0
  3     44.00    52    2.100  0
  4     40.00    52    2.078  0
  5     42.00    52    2.026  0
  6     54.00    52    2.054  0
  7     52.00    52    2.082  0
  8     48.00    52    2.088  0
  9     58.00    52    2.100  0
 10     32.00    52    2.116  0
 11     38.00    52    2.104  0
 12     46.00    52    2.108  0
 13     58.00    52    2.076  0
 14     52.00    52    2.108  0
 15     44.00    52    2.131  0
 16     40.00    52    2.078  0
 17     48.00    52    2.072  0
 18     56.00    52    2.076  0
 19     52.00    52    2.112  0
 20     44.00    52    2.080  0
 21     42.00    52    2.114  0
 22     50.00    52    2.074  0
 23     46.00    52    2.069  0
 24     52.00    52    2.085  0
 25     52.00    52    2.087  0
 26     50.00    52    2.069  0
 27     42.00    52    2.063  0
 28     42.00    52    2.117  0
 29     52.00    52    2.070  0
# avg=46.667  timeouts=0  total_time=62.7s bailed=0
