# config=sol1_h5 problem=m3_easy horizon=44 budget=42.0s n_seeds=30
# columns: seed | reward | steps | time_s | timed_out
  0     54.00    44    5.769  0
  1     56.00    44    5.772  0
  2     66.00    44    5.723  0
  3     56.00    44    5.884  0
  4     56.00    44    5.864  0
  5     54.00    44    5.832  0
  6     62.00    44    5.806  0
  7     52.00    44    5.775  0
  8     54.00    44    5.804  0
  9     54.00    44    5.833  0
 10     46.00    44    5.773  0
 11     50.00    44    5.845  0
 12     66.00    44    5.842  0
 13     44.00    44    5.881  0
 14     50.00    44    5.820  0
 15     64.00    44    5.807  0
 16     54.00    44    5.816  0
 17     68.00    44    5.806  0
 18     84.00    44    5.802  0
 19     54.00    44    5.837  0
 20     42.00    44    5.811  0
 21     54.00    44    5.870  0
 22     58.00    44    5.863  0
 23     60.00    44    5.869  0
 24     66.00    44    5.850  0
 25     50.00    44    5.889  0
 26     58.00    44    5.846  0
 27     62.00    44    5.853  0
 28     50.00    44    5.859  0
 29     62.00    44    5.834  0
# avg=56.867  timeouts=0  total_time=175.0s bailed=0
