# config=sol1_h5 problem=m3_hard horizon=70 budget=55.0s n_seeds=30
# columns: seed | reward | steps | time_s | timed_out
  0     70.00    70    6.863  0
  1     52.00    70    6.706  0
  2     56.00    70    6.752  0
  3     56.00    70    6.701  0
  4     56.00    70    6.725  0
  5     60.00    70    6.663  0
  6     58.00    70    6.664  0
  7     68.00    70    6.659  0
  8     64.00    70    6.722  0
  9     64.00    70    6.640  0
 10     50.00    70    6.674  0
 11     64.00    70    6.704  0
 12     52.00    70    6.715  0
 13     42.00    70    6.710  0
 14     52.00    70    6.651  0
 15     56.00    70    6.679  0
 16     54.00    70    6.685  0
 17     38.00    70    6.672  0
 18     58.00    70    6.715  0
 19     46.00    70    6.661  0
 20     64.00    70    6.733  0
 21     54.00    70    6.680  0
 22     56.00    70    6.681  0
 23     56.00    70    6.736  0
 24     60.00    70    6.726  0
 25     80.00    70    6.701  0
 26     52.00    70    6.727  0
 27     62.00    70    7.023  0
 28     48.00    70    7.080  0
 29     70.00    70    6.917  0
# avg=57.267  timeouts=0  total_time=202.2s bailed=0
