# config=sol1_h5 problem=m3_med horizon=55 budget=47.5s n_seeds=30
# columns: seed | reward | steps | time_s | timed_out
  0     62.00    55    6.114  0
  1     72.00    55    6.099  0
  2     78.00    55    6.129  0
  3     68.00    55    6.160  0
  4     60.00    55    6.237  0
  5     76.00    55    6.129  0
  6     76.00    55    6.128  0
  7     62.00    55    6.102  0
  8     72.00    55    6.114  0
  9     64.00    55    6.110  0
 10     54.00    55    6.210  0
 11     76.00    55    6.125  0
 12     64.00    55    6.165  0
 13     60.00    55    6.204  0
 14     62.00    55    6.232  0
 15     64.00    55    6.176  0
 16     58.00    55    6.248  0
 17     68.00    55    6.153  0
 18     76.00    55    6.158  0
 19     76.00    55    6.136  0
 20     58.00    55    6.178  0
 21     70.00    55    6.206  0
 22     78.00    55    6.185  0
 23     60.00    55    6.202  0
 24     74.00    55    6.168  0
 25     72.00    55    6.139  0
 26     66.00    55    6.245  0
 27     58.00    55    6.159  0
 28     78.00    55    6.185  0
 29     78.00    55    6.147  0
# avg=68.000  timeouts=0  total_time=185.1s bailed=0
