# config=sol1_h5 problem=m4_easy horizon=40 budget=40.0s n_seeds=30
# columns: seed | reward | steps | time_s | timed_out
  0    108.00    40   11.874  0
  1    101.00    40   11.931  0
  2    117.00    40   11.851  0
  3    112.00    40   11.850  0
  4    113.00    40   11.914  0
  5    102.00    40   11.876  0
  6    109.00    40   11.867  0
  7    106.00    40   11.778  0
  8     98.00    40   12.201  0
  9    115.00    40   11.751  0
 10    115.00    40   11.991  0
 11    117.00    40   12.277  0
 12    105.00    40   12.077  0
 13    104.00    40   12.156  0
 14    117.00    40   12.188  0
 15    114.00    40   11.983  0
 16    115.00    40   11.630  0
 17    108.00    40   11.836  0
 18    113.00    40   11.958  0
 19    111.00    40   11.937  0
 20    103.00    40   11.910  0
 21    107.00    40   11.905  0
 22     98.00    40   12.063  0
 23    107.00    40   12.037  0
 24    107.00    40   12.028  0
 25    113.00    40   12.040  0
 26    122.00    40   12.028  0
 27    109.00    40   12.003  0
 28    106.00    40   11.868  0
 29     99.00    40   11.767  0
# avg=109.033  timeouts=0  total_time=360.9s bailed=0
