# config=sol1_h5 problem=m4_hard horizon=64 budget=52.0s n_seeds=30
# columns: seed | reward | steps | time_s | timed_out
  0    164.00    64   16.292  0
  1    163.00    64   16.516  0
  2    154.00    64   16.117  0
  3    179.00    64   16.311  0
  4    157.00    64   16.308  0
  5    165.00    64   16.189  0
  6    167.00    64   16.300  0
  7    157.00    64   16.084  0
  8    157.00    64   16.460  0
  9    166.00    64   16.560  0
 10    165.00    64   16.746  0
 11    171.00    64   16.375  0
 12    163.00    64   16.261  0
 13    157.00    64   16.332  0
 14    167.00    64   16.175  0
 15    153.00    64   16.218  0
 16    177.00    64   16.124  0
 17    174.00    64   16.201  0
 18    173.00    64   16.321  0
 19    157.00    64   16.444  0
 20    163.00    64   16.396  0
 21    169.00    64   16.184  0
 22    155.00    64   16.446  0
 23    166.00    64   16.175  0
 24    168.00    64   16.215  0
 25    151.00    64   16.355  0
 26    160.00    64   16.155  0
 27    158.00    64   16.287  0
 28    151.00    64   16.655  0
 29    166.00    64   15.696  0
# avg=163.100  timeouts=0  total_time=491.2s bailed=0
