# config=sol1_h5 problem=m4_med horizon=40 budget=40.0s n_seeds=30
# columns: seed | reward | steps | time_s | timed_out
  0    108.00    40   12.136  0
  1    107.00    40   11.851  0
  2    108.00    40   11.640  0
  3    115.00    40   11.698  0
  4     64.00    40   12.394  0
  5    106.00    40   12.084  0
  6    113.00    40   11.828  0
  7     99.00    40   11.581  0
  8     93.00    40   11.793  0
  9    102.00    40   12.090  0
 10    108.00    40   11.749  0
 11    109.00    40   11.850  0
 12     96.00    40   11.269  0
 13    106.00    40   12.025  0
 14    118.00    40   11.605  0
 15    100.00    40   12.072  0
 16    104.00    40   11.847  0
 17    109.00    40   11.818  0
 18    108.00    40   11.618  0
 19    107.00    40   11.199  0
 20    108.00    40   11.624  0
 21    103.00    40   11.857  0
 22     98.00    40   11.434  0
 23    106.00    40   11.613  0
 24    114.00    40   11.840  0
 25     95.00    40   11.319  0
 26    115.00    40   11.207  0
 27    108.00    40   11.223  0
 28     98.00    40   11.167  0
 29    102.00    40   11.112  0
# avg=104.233  timeouts=0  total_time=352.9s bailed=0
