# config=sol1_h5 problem=m5_easy horizon=50 budget=45.0s n_seeds=30
# columns: seed | reward | steps | time_s | timed_out
  0     81.00    50    4.326  0
  1     81.00    50    4.380  0
  2     83.00    50    4.361  0
  3     87.00    50    4.321  0
  4     87.00    50    4.331  0
  5     91.00    50    4.341  0
  6     99.00    50    4.363  0
  7     87.00    50    4.313  0
  8     97.00    50    4.359  0
  9     95.00    50    4.853  0
 10     75.00    50    4.705  0
 11     87.00    50    4.550  0
 12    136.00    50    4.382  0
 13     89.00    50    4.367  0
 14     89.00    50    4.379  0
 15     99.00    50    4.381  0
 16     95.00    50    4.399  0
 17     79.00    50    4.417  0
 18     95.00    50    4.394  0
 19     95.00    50    4.419  0
 20     83.00    50    4.414  0
 21     83.00    50    4.423  0
 22     85.00    50    4.417  0
 23     77.00    50    4.398  0
 24    142.00    50    4.362  0
 25    140.00    50    4.357  0
 26     89.00    50    4.361  0
 27     89.00    50    4.343  0
 28     84.00    50    4.311  0
 29     81.00    50    4.349  0
# avg=92.667  timeouts=0  total_time=132.4s bailed=0
