# config=sol1_h5 problem=m5_hard horizon=70 budget=55.0s n_seeds=30
# columns: seed | reward | steps | time_s | timed_out
  0     76.00    70    4.845  0
  1     89.00    70    4.818  0
  2     82.00    70    4.988  0
  3     85.00    70    5.224  0
  4    134.00    70    5.259  0
  5     89.00    70    5.109  0
  6     91.00    70    4.976  0
  7     83.00    70    4.932  0
  8     70.00    70    4.904  0
  9     71.00    70    4.933  0
 10     87.00    70    4.900  0
 11    136.00    70    4.943  0
 12     95.00    70    4.947  0
 13    101.00    70    4.985  0
 14     79.00    70    4.985  0
 15     80.00    70    4.834  0
 16     89.00    70    4.866  0
 17     81.00    70    4.838  0
 18     76.00    70    5.060  0
 19     80.00    70    4.998  0
 20    132.00    70    4.829  0
 21    132.00    70    4.823  0
 22     66.00    70    4.916  0
 23     93.00    70    4.933  0
 24     84.00    70    4.958  0
 25    146.00    70    4.878  0
 26     89.00    70    4.956  0
 27     93.00    70    4.921  0
 28     89.00    70    4.954  0
 29    130.00    70    4.890  0
# avg=94.267  timeouts=0  total_time=148.8s bailed=0
