# config=sol1_h5 problem=m5_med horizon=62 budget=51.0s n_seeds=30
# columns: seed | reward | steps | time_s | timed_out
  0    134.00    62    4.664  0
  1    130.00    62    4.672  0
  2    142.00    62    4.609  0
  3    146.00    62    4.624  0
  4    118.00    62    4.653  0
  5    126.00    62    4.733  0
  6    148.00    62    4.653  0
  7    144.00    62    4.651  0
  8    138.00    62    4.654  0
  9    132.00    62    4.594  0
 10    130.00    62    4.606  0
 11    138.00    62    4.792  0
 12    128.00    62    4.760  0
 13    136.00    62    4.649  0
 14    132.00    62    4.683  0
 15    132.00    62    4.680  0
 16    130.00    62    4.669  0
 17    134.00    62    4.668  0
 18    150.00    62    4.632  0
 19    138.00    62    4.656  0
 20    130.00    62    4.692  0
 21    134.00    62    4.643  0
 22    132.00    62    4.634  0
 23    130.00    62    4.700  0
 24    146.00    62    4.815  0
 25    146.00    62    4.651  0
 26    140.00    62    4.618  0
 27    130.00    62    4.655  0
 28     89.00    62    4.637  0
 29    130.00    62    4.643  0
# avg=133.767  timeouts=0  total_time=140.4s bailed=0
