# config=sol1_h5 problem=p1_easy horizon=40 budget=40.0s n_seeds=30
# columns: seed | reward | steps | time_s | timed_out
  0    113.00    40    0.422  0
  1     91.00    40    0.424  0
  2    128.00    40    0.440  0
  3     92.00    40    0.432  0
  4     89.00    40    0.420  0
  5     93.00    40    0.431  0
  6    100.00    40    0.437  0
  7    103.00    40    0.432  0
  8    107.00    40    0.431  0
  9    117.00    40    0.439  0
 10    100.00    40    0.429  0
 11    103.00    40    0.432  0
 12    100.00    40    0.439  0
 13    119.00    40    0.423  0
 14     99.00    40    0.431  0
 15    112.00    40    0.463  0
 16     99.00    40    0.437  0
 17    107.00    40    0.429  0
 18    101.00    40    0.434  0
 19    113.00    40    0.432  0
 20     90.00    40    0.431  0
 21    115.00    40    0.414  0
 22     96.00    40    0.440  0
 23    109.00    40    0.434  0
 24     98.00    40    0.430  0
 25    102.00    40    0.429  0
 26    115.00    40    0.435  0
 27    119.00    40    0.428  0
 28    107.00    40    0.410  0
 29    112.00    40    0.423  0
# avg=104.967  timeouts=0  total_time=13.0s bailed=0
