# config=sol1_h5 problem=p1_hard horizon=52 budget=46.0s n_seeds=30
# columns: seed | reward | steps | time_s | timed_out
  0     43.00    52    0.568  0
  1     49.00    52    0.591  0
  2     58.00    52    0.577  0
  3     42.00    52    0.604  0
  4     44.00    52    0.608  0
  5     52.00    52    0.597  0
  6     56.00    52    0.615  0
  7     68.00    52    0.576  0
  8     59.00    52    0.590  0
  9     64.00    52    0.603  0
 10     82.00    52    0.590  0
 11     59.00    52    0.583  0
 12     66.00    52    0.591  0
 13     70.00    52    0.575  0
 14     80.00    52    0.585  0
 15     57.00    52    0.565  0
 16     47.00    52    0.583  0
 17     47.00    52    0.603  0
 18     54.00    52    0.583  0
 19     63.00    52    0.579  0
 20     60.00    52    0.593  0
 21     57.00    52    0.573  0
 22     54.00    52    0.596  0
 23     56.00    52    0.587  0
 24     59.00    52    0.584  0
 25     53.00    52    0.583  0
 26     81.00    52    0.582  0
 27     50.00    52    0.597  0
 28     75.00    52    0.610  0
 29     60.00    52    0.601  0
# avg=58.833  timeouts=0  total_time=17.7s bailed=0
