# config=sol1_h5 problem=p1_med horizon=40 budget=40.0s n_seeds=30
# columns: seed | reward | steps | time_s | timed_out
  0    102.00    40    0.385  0
  1     87.00    40    0.384  0
  2    111.00    40    0.386  0
  3    101.00    40    0.379  0
  4     85.00    40    0.396  0
  5    108.00    40    0.385  0
  6    112.00    40    0.385  0
  7    115.00    40    0.387  0
  8     94.00    40    0.395  0
  9    108.00    40    0.390  0
 10    105.00    40    0.379  0
 11    118.00    40    0.416  0
 12     97.00    40    0.383  0
 13    105.00    40    0.391  0
 14    109.00    40    0.391  0
 15    106.00    40    0.387  0
 16    107.00    40    0.376  0
 17    103.00    40    0.386  0
 18     83.00    40    0.380  0
 19    107.00    40    0.386  0
 20     99.00    40    0.387  0
 21     95.00    40    0.381  0
 22     95.00    40    0.390  0
 23    100.00    40    0.386  0
 24     96.00    40    0.387  0
 25     94.00    40    0.415  0
 26    106.00    40    0.380  0
 27    103.00    40    0.382  0
 28    104.00    40    0.364  0
 29    104.00    40    0.428  0
# avg=101.967  timeouts=0  total_time=11.7s bailed=0
